   0  $accept : root $end

   1  primary_expression : IDENTIFIER
   2                     | CONSTANT
   3                     | STRING_LITERAL
   4                     | RBLEFT expression RBRIGHT

   5  postfix_expression : primary_expression
   6                     | postfix_expression BRACKETLEFT expression BRACKETRIGHT
   7                     | postfix_expression RBLEFT RBRIGHT
   8                     | postfix_expression RBLEFT argument_expression_list RBRIGHT
   9                     | postfix_expression INC_OP
  10                     | postfix_expression DEC_OP

  11  argument_expression_list : assignment_expression
  12                           | argument_expression_list COMMA assignment_expression

  13  unary_expression : postfix_expression
  14                   | INC_OP unary_expression
  15                   | DEC_OP unary_expression
  16                   | MINUS cast_expression
  17                   | EXCL cast_expression
  18                   | SIZEOF unary_expression
  19                   | SIZEOF RBLEFT type_specifier RBRIGHT
  20                   | RE RBLEFT CONSTANT RBRIGHT
  21                   | RE RBLEFT IDENTIFIER RBRIGHT
  22                   | IM RBLEFT CONSTANT RBRIGHT
  23                   | IM RBLEFT IDENTIFIER RBRIGHT
  24                   | MOD RBLEFT CONSTANT RBRIGHT
  25                   | MOD RBLEFT IDENTIFIER RBRIGHT

  26  cast_expression : unary_expression
  27                  | RBLEFT type_specifier RBRIGHT cast_expression

  28  multiplicative_expression : cast_expression
  29                            | multiplicative_expression STAR cast_expression
  30                            | multiplicative_expression SLASH cast_expression
  31                            | multiplicative_expression PERCENT cast_expression

  32  additive_expression : multiplicative_expression
  33                      | additive_expression PLUS multiplicative_expression
  34                      | additive_expression MINUS multiplicative_expression

  35  shift_expression : additive_expression
  36                   | shift_expression LEFT_OP additive_expression
  37                   | shift_expression RIGHT_OP additive_expression

  38  relational_expression : shift_expression
  39                        | relational_expression LESS shift_expression
  40                        | relational_expression GREATER shift_expression
  41                        | relational_expression LE_OP shift_expression
  42                        | relational_expression GE_OP shift_expression

  43  equality_expression : relational_expression
  44                      | equality_expression EQ_OP relational_expression
  45                      | equality_expression NE_OP relational_expression

  46  and_expression : equality_expression
  47                 | and_expression AMP equality_expression

  48  exclusive_or_expression : and_expression
  49                          | exclusive_or_expression CARET and_expression

  50  inclusive_or_expression : exclusive_or_expression
  51                          | inclusive_or_expression BAR exclusive_or_expression

  52  logical_and_expression : inclusive_or_expression
  53                         | logical_and_expression AND_OP inclusive_or_expression

  54  logical_or_expression : logical_and_expression
  55                        | logical_or_expression OR_OP logical_and_expression

  56  conditional_expression : logical_or_expression
  57                         | logical_or_expression QUESTION expression COLON conditional_expression

  58  assignment_expression : conditional_expression
  59                        | unary_expression EQUAL assignment_expression

  60  expression : assignment_expression
  61             | expression COMMA assignment_expression

  62  constant_expression : conditional_expression

  63  declaration : declaration_specifiers SEMICOLON
  64              | declaration_specifiers init_declarator_list SEMICOLON

  65  declaration_specifiers : type_specifier
  66                         | type_specifier declaration_specifiers

  67  init_declarator_list : init_declarator
  68                       | init_declarator_list COMMA init_declarator

  69  init_declarator : direct_declarator
  70                  | direct_declarator EQUAL initializer

  71  type_specifier : VOID
  72                 | COMPLEX
  73                 | CHAR
  74                 | SHORT
  75                 | INT
  76                 | LONG
  77                 | FLOAT
  78                 | DOUBLE
  79                 | BOOL

  80  direct_declarator : IDENTIFIER
  81                    | RBLEFT direct_declarator RBRIGHT
  82                    | direct_declarator BRACKETLEFT constant_expression BRACKETRIGHT
  83                    | direct_declarator BRACKETLEFT BRACKETRIGHT
  84                    | direct_declarator RBLEFT parameter_list RBRIGHT
  85                    | direct_declarator RBLEFT identifier_list RBRIGHT
  86                    | direct_declarator RBLEFT RBRIGHT

  87  parameter_list : parameter_declaration
  88                 | parameter_list COMMA parameter_declaration

  89  parameter_declaration : declaration_specifiers direct_declarator
  90                        | declaration_specifiers abstract_declarator
  91                        | declaration_specifiers

  92  identifier_list : IDENTIFIER
  93                  | identifier_list COMMA IDENTIFIER

  94  abstract_declarator : direct_abstract_declarator

  95  direct_abstract_declarator : RBLEFT abstract_declarator RBRIGHT
  96                             | BRACKETLEFT BRACKETRIGHT
  97                             | BRACKETLEFT constant_expression BRACKETRIGHT
  98                             | direct_abstract_declarator BRACKETLEFT BRACKETRIGHT
  99                             | direct_abstract_declarator BRACKETLEFT constant_expression BRACKETRIGHT
 100                             | RBLEFT RBRIGHT
 101                             | RBLEFT parameter_list RBRIGHT
 102                             | direct_abstract_declarator RBLEFT RBRIGHT
 103                             | direct_abstract_declarator RBLEFT parameter_list RBRIGHT

 104  initializer : assignment_expression
 105              | BRACELEFT initializer_list BRACERIGHT
 106              | BRACELEFT initializer_list COMMA BRACERIGHT

 107  initializer_list : initializer
 108                   | initializer_list COMMA initializer

 109  statement : labeled_statement
 110            | compound_statement
 111            | expression_statement
 112            | selection_statement
 113            | iteration_statement
 114            | jump_statement

 115  labeled_statement : IDENTIFIER COLON statement

 116  compound_statement : BRACELEFT BRACERIGHT
 117                     | BRACELEFT statement_list BRACERIGHT
 118                     | BRACELEFT declaration_list BRACERIGHT
 119                     | BRACELEFT declaration_list statement_list BRACERIGHT

 120  declaration_list : declaration
 121                   | declaration_list declaration

 122  statement_list : statement
 123                 | statement_list statement

 124  expression_statement : SEMICOLON
 125                       | expression SEMICOLON

 126  selection_statement : IF RBLEFT expression RBRIGHT statement ELSE statement

 127  iteration_statement : WHILE RBLEFT expression RBRIGHT statement
 128                      | DO statement WHILE RBLEFT expression RBRIGHT SEMICOLON
 129                      | FOR RBLEFT expression_statement expression_statement expression RBRIGHT statement

 130  jump_statement : GOTO IDENTIFIER SEMICOLON
 131                 | BREAK SEMICOLON
 132                 | RETURN SEMICOLON
 133                 | RETURN expression SEMICOLON

 134  root : translation_unit

 135  translation_unit : external_declaration
 136                   | translation_unit external_declaration

 137  external_declaration : function_definition
 138                       | declaration

 139  function_definition : declaration_specifiers direct_declarator declaration_list compound_statement
 140                      | declaration_specifiers direct_declarator compound_statement
 141                      | direct_declarator declaration_list compound_statement
 142                      | direct_declarator compound_statement

state 0
	$accept : . root $end  (0)

	IDENTIFIER  shift 1
	CHAR  shift 2
	SHORT  shift 3
	INT  shift 4
	LONG  shift 5
	FLOAT  shift 6
	DOUBLE  shift 7
	VOID  shift 8
	COMPLEX  shift 9
	BOOL  shift 10
	RBLEFT  shift 11
	.  error

	root  goto 12
	type_specifier  goto 13
	declaration  goto 14
	declaration_specifiers  goto 15
	direct_declarator  goto 16
	translation_unit  goto 17
	external_declaration  goto 18
	function_definition  goto 19


state 1
	direct_declarator : IDENTIFIER .  (80)

	.  reduce 80


state 2
	type_specifier : CHAR .  (73)

	.  reduce 73


state 3
	type_specifier : SHORT .  (74)

	.  reduce 74


state 4
	type_specifier : INT .  (75)

	.  reduce 75


state 5
	type_specifier : LONG .  (76)

	.  reduce 76


state 6
	type_specifier : FLOAT .  (77)

	.  reduce 77


state 7
	type_specifier : DOUBLE .  (78)

	.  reduce 78


state 8
	type_specifier : VOID .  (71)

	.  reduce 71


state 9
	type_specifier : COMPLEX .  (72)

	.  reduce 72


state 10
	type_specifier : BOOL .  (79)

	.  reduce 79


state 11
	direct_declarator : RBLEFT . direct_declarator RBRIGHT  (81)

	IDENTIFIER  shift 1
	RBLEFT  shift 11
	.  error

	direct_declarator  goto 20


state 12
	$accept : root . $end  (0)

	$end  accept


state 13
	declaration_specifiers : type_specifier .  (65)
	declaration_specifiers : type_specifier . declaration_specifiers  (66)

	CHAR  shift 2
	SHORT  shift 3
	INT  shift 4
	LONG  shift 5
	FLOAT  shift 6
	DOUBLE  shift 7
	VOID  shift 8
	COMPLEX  shift 9
	BOOL  shift 10
	IDENTIFIER  reduce 65
	SEMICOLON  reduce 65
	COMMA  reduce 65
	RBLEFT  reduce 65
	RBRIGHT  reduce 65
	BRACKETLEFT  reduce 65

	type_specifier  goto 13
	declaration_specifiers  goto 21


state 14
	external_declaration : declaration .  (138)

	.  reduce 138


state 15
	declaration : declaration_specifiers . SEMICOLON  (63)
	declaration : declaration_specifiers . init_declarator_list SEMICOLON  (64)
	function_definition : declaration_specifiers . direct_declarator declaration_list compound_statement  (139)
	function_definition : declaration_specifiers . direct_declarator compound_statement  (140)

	IDENTIFIER  shift 1
	SEMICOLON  shift 22
	RBLEFT  shift 11
	.  error

	init_declarator_list  goto 23
	init_declarator  goto 24
	direct_declarator  goto 25


state 16
	direct_declarator : direct_declarator . BRACKETLEFT constant_expression BRACKETRIGHT  (82)
	direct_declarator : direct_declarator . BRACKETLEFT BRACKETRIGHT  (83)
	direct_declarator : direct_declarator . RBLEFT parameter_list RBRIGHT  (84)
	direct_declarator : direct_declarator . RBLEFT identifier_list RBRIGHT  (85)
	direct_declarator : direct_declarator . RBLEFT RBRIGHT  (86)
	function_definition : direct_declarator . declaration_list compound_statement  (141)
	function_definition : direct_declarator . compound_statement  (142)

	CHAR  shift 2
	SHORT  shift 3
	INT  shift 4
	LONG  shift 5
	FLOAT  shift 6
	DOUBLE  shift 7
	VOID  shift 8
	COMPLEX  shift 9
	BOOL  shift 10
	BRACELEFT  shift 26
	RBLEFT  shift 27
	BRACKETLEFT  shift 28
	.  error

	type_specifier  goto 13
	declaration  goto 29
	declaration_specifiers  goto 30
	compound_statement  goto 31
	declaration_list  goto 32


state 17
	root : translation_unit .  (134)
	translation_unit : translation_unit . external_declaration  (136)

	IDENTIFIER  shift 1
	CHAR  shift 2
	SHORT  shift 3
	INT  shift 4
	LONG  shift 5
	FLOAT  shift 6
	DOUBLE  shift 7
	VOID  shift 8
	COMPLEX  shift 9
	BOOL  shift 10
	RBLEFT  shift 11
	$end  reduce 134

	type_specifier  goto 13
	declaration  goto 14
	declaration_specifiers  goto 15
	direct_declarator  goto 16
	external_declaration  goto 33
	function_definition  goto 19


state 18
	translation_unit : external_declaration .  (135)

	.  reduce 135


state 19
	external_declaration : function_definition .  (137)

	.  reduce 137


state 20
	direct_declarator : RBLEFT direct_declarator . RBRIGHT  (81)
	direct_declarator : direct_declarator . BRACKETLEFT constant_expression BRACKETRIGHT  (82)
	direct_declarator : direct_declarator . BRACKETLEFT BRACKETRIGHT  (83)
	direct_declarator : direct_declarator . RBLEFT parameter_list RBRIGHT  (84)
	direct_declarator : direct_declarator . RBLEFT identifier_list RBRIGHT  (85)
	direct_declarator : direct_declarator . RBLEFT RBRIGHT  (86)

	RBLEFT  shift 27
	RBRIGHT  shift 34
	BRACKETLEFT  shift 28
	.  error


state 21
	declaration_specifiers : type_specifier declaration_specifiers .  (66)

	.  reduce 66


state 22
	declaration : declaration_specifiers SEMICOLON .  (63)

	.  reduce 63


state 23
	declaration : declaration_specifiers init_declarator_list . SEMICOLON  (64)
	init_declarator_list : init_declarator_list . COMMA init_declarator  (68)

	SEMICOLON  shift 35
	COMMA  shift 36
	.  error


state 24
	init_declarator_list : init_declarator .  (67)

	.  reduce 67


state 25
	init_declarator : direct_declarator .  (69)
	init_declarator : direct_declarator . EQUAL initializer  (70)
	direct_declarator : direct_declarator . BRACKETLEFT constant_expression BRACKETRIGHT  (82)
	direct_declarator : direct_declarator . BRACKETLEFT BRACKETRIGHT  (83)
	direct_declarator : direct_declarator . RBLEFT parameter_list RBRIGHT  (84)
	direct_declarator : direct_declarator . RBLEFT identifier_list RBRIGHT  (85)
	direct_declarator : direct_declarator . RBLEFT RBRIGHT  (86)
	function_definition : declaration_specifiers direct_declarator . declaration_list compound_statement  (139)
	function_definition : declaration_specifiers direct_declarator . compound_statement  (140)

	CHAR  shift 2
	SHORT  shift 3
	INT  shift 4
	LONG  shift 5
	FLOAT  shift 6
	DOUBLE  shift 7
	VOID  shift 8
	COMPLEX  shift 9
	BOOL  shift 10
	BRACELEFT  shift 26
	EQUAL  shift 37
	RBLEFT  shift 27
	BRACKETLEFT  shift 28
	SEMICOLON  reduce 69
	COMMA  reduce 69

	type_specifier  goto 13
	declaration  goto 29
	declaration_specifiers  goto 30
	compound_statement  goto 38
	declaration_list  goto 39


state 26
	compound_statement : BRACELEFT . BRACERIGHT  (116)
	compound_statement : BRACELEFT . statement_list BRACERIGHT  (117)
	compound_statement : BRACELEFT . declaration_list BRACERIGHT  (118)
	compound_statement : BRACELEFT . declaration_list statement_list BRACERIGHT  (119)

	IDENTIFIER  shift 40
	CONSTANT  shift 41
	STRING_LITERAL  shift 42
	SIZEOF  shift 43
	INC_OP  shift 44
	DEC_OP  shift 45
	CHAR  shift 2
	SHORT  shift 3
	INT  shift 4
	LONG  shift 5
	FLOAT  shift 6
	DOUBLE  shift 7
	VOID  shift 8
	COMPLEX  shift 9
	BOOL  shift 10
	RE  shift 46
	IM  shift 47
	MOD  shift 48
	IF  shift 49
	WHILE  shift 50
	DO  shift 51
	FOR  shift 52
	GOTO  shift 53
	BREAK  shift 54
	RETURN  shift 55
	SEMICOLON  shift 56
	BRACELEFT  shift 26
	BRACERIGHT  shift 57
	RBLEFT  shift 58
	EXCL  shift 59
	MINUS  shift 60
	.  error

	primary_expression  goto 61
	expression  goto 62
	postfix_expression  goto 63
	assignment_expression  goto 64
	unary_expression  goto 65
	cast_expression  goto 66
	type_specifier  goto 13
	multiplicative_expression  goto 67
	additive_expression  goto 68
	shift_expression  goto 69
	relational_expression  goto 70
	equality_expression  goto 71
	and_expression  goto 72
	exclusive_or_expression  goto 73
	inclusive_or_expression  goto 74
	logical_and_expression  goto 75
	logical_or_expression  goto 76
	conditional_expression  goto 77
	declaration  goto 29
	declaration_specifiers  goto 30
	statement  goto 78
	labeled_statement  goto 79
	compound_statement  goto 80
	expression_statement  goto 81
	selection_statement  goto 82
	iteration_statement  goto 83
	jump_statement  goto 84
	statement_list  goto 85
	declaration_list  goto 86


state 27
	direct_declarator : direct_declarator RBLEFT . parameter_list RBRIGHT  (84)
	direct_declarator : direct_declarator RBLEFT . identifier_list RBRIGHT  (85)
	direct_declarator : direct_declarator RBLEFT . RBRIGHT  (86)

	IDENTIFIER  shift 87
	CHAR  shift 2
	SHORT  shift 3
	INT  shift 4
	LONG  shift 5
	FLOAT  shift 6
	DOUBLE  shift 7
	VOID  shift 8
	COMPLEX  shift 9
	BOOL  shift 10
	RBRIGHT  shift 88
	.  error

	type_specifier  goto 13
	declaration_specifiers  goto 89
	parameter_list  goto 90
	identifier_list  goto 91
	parameter_declaration  goto 92


state 28
	direct_declarator : direct_declarator BRACKETLEFT . constant_expression BRACKETRIGHT  (82)
	direct_declarator : direct_declarator BRACKETLEFT . BRACKETRIGHT  (83)

	IDENTIFIER  shift 93
	CONSTANT  shift 41
	STRING_LITERAL  shift 42
	SIZEOF  shift 43
	INC_OP  shift 44
	DEC_OP  shift 45
	RE  shift 46
	IM  shift 47
	MOD  shift 48
	RBLEFT  shift 58
	BRACKETRIGHT  shift 94
	EXCL  shift 59
	MINUS  shift 60
	.  error

	primary_expression  goto 61
	postfix_expression  goto 63
	unary_expression  goto 95
	cast_expression  goto 66
	multiplicative_expression  goto 67
	additive_expression  goto 68
	shift_expression  goto 69
	relational_expression  goto 70
	equality_expression  goto 71
	and_expression  goto 72
	exclusive_or_expression  goto 73
	inclusive_or_expression  goto 74
	logical_and_expression  goto 75
	logical_or_expression  goto 76
	conditional_expression  goto 96
	constant_expression  goto 97


state 29
	declaration_list : declaration .  (120)

	.  reduce 120


state 30
	declaration : declaration_specifiers . SEMICOLON  (63)
	declaration : declaration_specifiers . init_declarator_list SEMICOLON  (64)

	IDENTIFIER  shift 1
	SEMICOLON  shift 22
	RBLEFT  shift 11
	.  error

	init_declarator_list  goto 23
	init_declarator  goto 24
	direct_declarator  goto 98


state 31
	function_definition : direct_declarator compound_statement .  (142)

	.  reduce 142


state 32
	declaration_list : declaration_list . declaration  (121)
	function_definition : direct_declarator declaration_list . compound_statement  (141)

	CHAR  shift 2
	SHORT  shift 3
	INT  shift 4
	LONG  shift 5
	FLOAT  shift 6
	DOUBLE  shift 7
	VOID  shift 8
	COMPLEX  shift 9
	BOOL  shift 10
	BRACELEFT  shift 26
	.  error

	type_specifier  goto 13
	declaration  goto 99
	declaration_specifiers  goto 30
	compound_statement  goto 100


state 33
	translation_unit : translation_unit external_declaration .  (136)

	.  reduce 136


state 34
	direct_declarator : RBLEFT direct_declarator RBRIGHT .  (81)

	.  reduce 81


state 35
	declaration : declaration_specifiers init_declarator_list SEMICOLON .  (64)

	.  reduce 64


state 36
	init_declarator_list : init_declarator_list COMMA . init_declarator  (68)

	IDENTIFIER  shift 1
	RBLEFT  shift 11
	.  error

	init_declarator  goto 101
	direct_declarator  goto 98


state 37
	init_declarator : direct_declarator EQUAL . initializer  (70)

	IDENTIFIER  shift 93
	CONSTANT  shift 41
	STRING_LITERAL  shift 42
	SIZEOF  shift 43
	INC_OP  shift 44
	DEC_OP  shift 45
	RE  shift 46
	IM  shift 47
	MOD  shift 48
	BRACELEFT  shift 102
	RBLEFT  shift 58
	EXCL  shift 59
	MINUS  shift 60
	.  error

	primary_expression  goto 61
	postfix_expression  goto 63
	assignment_expression  goto 103
	unary_expression  goto 65
	cast_expression  goto 66
	multiplicative_expression  goto 67
	additive_expression  goto 68
	shift_expression  goto 69
	relational_expression  goto 70
	equality_expression  goto 71
	and_expression  goto 72
	exclusive_or_expression  goto 73
	inclusive_or_expression  goto 74
	logical_and_expression  goto 75
	logical_or_expression  goto 76
	conditional_expression  goto 77
	initializer  goto 104


state 38
	function_definition : declaration_specifiers direct_declarator compound_statement .  (140)

	.  reduce 140


state 39
	declaration_list : declaration_list . declaration  (121)
	function_definition : declaration_specifiers direct_declarator declaration_list . compound_statement  (139)

	CHAR  shift 2
	SHORT  shift 3
	INT  shift 4
	LONG  shift 5
	FLOAT  shift 6
	DOUBLE  shift 7
	VOID  shift 8
	COMPLEX  shift 9
	BOOL  shift 10
	BRACELEFT  shift 26
	.  error

	type_specifier  goto 13
	declaration  goto 99
	declaration_specifiers  goto 30
	compound_statement  goto 105


state 40
	primary_expression : IDENTIFIER .  (1)
	labeled_statement : IDENTIFIER . COLON statement  (115)

	COLON  shift 106
	INC_OP  reduce 1
	DEC_OP  reduce 1
	LEFT_OP  reduce 1
	RIGHT_OP  reduce 1
	LE_OP  reduce 1
	GE_OP  reduce 1
	EQ_OP  reduce 1
	NE_OP  reduce 1
	AND_OP  reduce 1
	OR_OP  reduce 1
	SEMICOLON  reduce 1
	COMMA  reduce 1
	EQUAL  reduce 1
	RBLEFT  reduce 1
	BRACKETLEFT  reduce 1
	AMP  reduce 1
	MINUS  reduce 1
	PLUS  reduce 1
	STAR  reduce 1
	SLASH  reduce 1
	PERCENT  reduce 1
	LESS  reduce 1
	GREATER  reduce 1
	CARET  reduce 1
	BAR  reduce 1
	QUESTION  reduce 1


state 41
	primary_expression : CONSTANT .  (2)

	.  reduce 2


state 42
	primary_expression : STRING_LITERAL .  (3)

	.  reduce 3


state 43
	unary_expression : SIZEOF . unary_expression  (18)
	unary_expression : SIZEOF . RBLEFT type_specifier RBRIGHT  (19)

	IDENTIFIER  shift 93
	CONSTANT  shift 41
	STRING_LITERAL  shift 42
	SIZEOF  shift 43
	INC_OP  shift 44
	DEC_OP  shift 45
	RE  shift 46
	IM  shift 47
	MOD  shift 48
	RBLEFT  shift 107
	EXCL  shift 59
	MINUS  shift 60
	.  error

	primary_expression  goto 61
	postfix_expression  goto 63
	unary_expression  goto 108


state 44
	unary_expression : INC_OP . unary_expression  (14)

	IDENTIFIER  shift 93
	CONSTANT  shift 41
	STRING_LITERAL  shift 42
	SIZEOF  shift 43
	INC_OP  shift 44
	DEC_OP  shift 45
	RE  shift 46
	IM  shift 47
	MOD  shift 48
	RBLEFT  shift 109
	EXCL  shift 59
	MINUS  shift 60
	.  error

	primary_expression  goto 61
	postfix_expression  goto 63
	unary_expression  goto 110


state 45
	unary_expression : DEC_OP . unary_expression  (15)

	IDENTIFIER  shift 93
	CONSTANT  shift 41
	STRING_LITERAL  shift 42
	SIZEOF  shift 43
	INC_OP  shift 44
	DEC_OP  shift 45
	RE  shift 46
	IM  shift 47
	MOD  shift 48
	RBLEFT  shift 109
	EXCL  shift 59
	MINUS  shift 60
	.  error

	primary_expression  goto 61
	postfix_expression  goto 63
	unary_expression  goto 111


state 46
	unary_expression : RE . RBLEFT CONSTANT RBRIGHT  (20)
	unary_expression : RE . RBLEFT IDENTIFIER RBRIGHT  (21)

	RBLEFT  shift 112
	.  error


state 47
	unary_expression : IM . RBLEFT CONSTANT RBRIGHT  (22)
	unary_expression : IM . RBLEFT IDENTIFIER RBRIGHT  (23)

	RBLEFT  shift 113
	.  error


state 48
	unary_expression : MOD . RBLEFT CONSTANT RBRIGHT  (24)
	unary_expression : MOD . RBLEFT IDENTIFIER RBRIGHT  (25)

	RBLEFT  shift 114
	.  error


state 49
	selection_statement : IF . RBLEFT expression RBRIGHT statement ELSE statement  (126)

	RBLEFT  shift 115
	.  error


state 50
	iteration_statement : WHILE . RBLEFT expression RBRIGHT statement  (127)

	RBLEFT  shift 116
	.  error


state 51
	iteration_statement : DO . statement WHILE RBLEFT expression RBRIGHT SEMICOLON  (128)

	IDENTIFIER  shift 40
	CONSTANT  shift 41
	STRING_LITERAL  shift 42
	SIZEOF  shift 43
	INC_OP  shift 44
	DEC_OP  shift 45
	RE  shift 46
	IM  shift 47
	MOD  shift 48
	IF  shift 49
	WHILE  shift 50
	DO  shift 51
	FOR  shift 52
	GOTO  shift 53
	BREAK  shift 54
	RETURN  shift 55
	SEMICOLON  shift 56
	BRACELEFT  shift 26
	RBLEFT  shift 58
	EXCL  shift 59
	MINUS  shift 60
	.  error

	primary_expression  goto 61
	expression  goto 62
	postfix_expression  goto 63
	assignment_expression  goto 64
	unary_expression  goto 65
	cast_expression  goto 66
	multiplicative_expression  goto 67
	additive_expression  goto 68
	shift_expression  goto 69
	relational_expression  goto 70
	equality_expression  goto 71
	and_expression  goto 72
	exclusive_or_expression  goto 73
	inclusive_or_expression  goto 74
	logical_and_expression  goto 75
	logical_or_expression  goto 76
	conditional_expression  goto 77
	statement  goto 117
	labeled_statement  goto 79
	compound_statement  goto 80
	expression_statement  goto 81
	selection_statement  goto 82
	iteration_statement  goto 83
	jump_statement  goto 84


state 52
	iteration_statement : FOR . RBLEFT expression_statement expression_statement expression RBRIGHT statement  (129)

	RBLEFT  shift 118
	.  error


state 53
	jump_statement : GOTO . IDENTIFIER SEMICOLON  (130)

	IDENTIFIER  shift 119
	.  error


state 54
	jump_statement : BREAK . SEMICOLON  (131)

	SEMICOLON  shift 120
	.  error


state 55
	jump_statement : RETURN . SEMICOLON  (132)
	jump_statement : RETURN . expression SEMICOLON  (133)

	IDENTIFIER  shift 93
	CONSTANT  shift 41
	STRING_LITERAL  shift 42
	SIZEOF  shift 43
	INC_OP  shift 44
	DEC_OP  shift 45
	RE  shift 46
	IM  shift 47
	MOD  shift 48
	SEMICOLON  shift 121
	RBLEFT  shift 58
	EXCL  shift 59
	MINUS  shift 60
	.  error

	primary_expression  goto 61
	expression  goto 122
	postfix_expression  goto 63
	assignment_expression  goto 64
	unary_expression  goto 65
	cast_expression  goto 66
	multiplicative_expression  goto 67
	additive_expression  goto 68
	shift_expression  goto 69
	relational_expression  goto 70
	equality_expression  goto 71
	and_expression  goto 72
	exclusive_or_expression  goto 73
	inclusive_or_expression  goto 74
	logical_and_expression  goto 75
	logical_or_expression  goto 76
	conditional_expression  goto 77


state 56
	expression_statement : SEMICOLON .  (124)

	.  reduce 124


state 57
	compound_statement : BRACELEFT BRACERIGHT .  (116)

	.  reduce 116


state 58
	primary_expression : RBLEFT . expression RBRIGHT  (4)
	cast_expression : RBLEFT . type_specifier RBRIGHT cast_expression  (27)

	IDENTIFIER  shift 93
	CONSTANT  shift 41
	STRING_LITERAL  shift 42
	SIZEOF  shift 43
	INC_OP  shift 44
	DEC_OP  shift 45
	CHAR  shift 2
	SHORT  shift 3
	INT  shift 4
	LONG  shift 5
	FLOAT  shift 6
	DOUBLE  shift 7
	VOID  shift 8
	COMPLEX  shift 9
	BOOL  shift 10
	RE  shift 46
	IM  shift 47
	MOD  shift 48
	RBLEFT  shift 58
	EXCL  shift 59
	MINUS  shift 60
	.  error

	primary_expression  goto 61
	expression  goto 123
	postfix_expression  goto 63
	assignment_expression  goto 64
	unary_expression  goto 65
	cast_expression  goto 66
	type_specifier  goto 124
	multiplicative_expression  goto 67
	additive_expression  goto 68
	shift_expression  goto 69
	relational_expression  goto 70
	equality_expression  goto 71
	and_expression  goto 72
	exclusive_or_expression  goto 73
	inclusive_or_expression  goto 74
	logical_and_expression  goto 75
	logical_or_expression  goto 76
	conditional_expression  goto 77


state 59
	unary_expression : EXCL . cast_expression  (17)

	IDENTIFIER  shift 93
	CONSTANT  shift 41
	STRING_LITERAL  shift 42
	SIZEOF  shift 43
	INC_OP  shift 44
	DEC_OP  shift 45
	RE  shift 46
	IM  shift 47
	MOD  shift 48
	RBLEFT  shift 58
	EXCL  shift 59
	MINUS  shift 60
	.  error

	primary_expression  goto 61
	postfix_expression  goto 63
	unary_expression  goto 95
	cast_expression  goto 125


state 60
	unary_expression : MINUS . cast_expression  (16)

	IDENTIFIER  shift 93
	CONSTANT  shift 41
	STRING_LITERAL  shift 42
	SIZEOF  shift 43
	INC_OP  shift 44
	DEC_OP  shift 45
	RE  shift 46
	IM  shift 47
	MOD  shift 48
	RBLEFT  shift 58
	EXCL  shift 59
	MINUS  shift 60
	.  error

	primary_expression  goto 61
	postfix_expression  goto 63
	unary_expression  goto 95
	cast_expression  goto 126


state 61
	postfix_expression : primary_expression .  (5)

	.  reduce 5


state 62
	expression : expression . COMMA assignment_expression  (61)
	expression_statement : expression . SEMICOLON  (125)

	SEMICOLON  shift 127
	COMMA  shift 128
	.  error


state 63
	postfix_expression : postfix_expression . BRACKETLEFT expression BRACKETRIGHT  (6)
	postfix_expression : postfix_expression . RBLEFT RBRIGHT  (7)
	postfix_expression : postfix_expression . RBLEFT argument_expression_list RBRIGHT  (8)
	postfix_expression : postfix_expression . INC_OP  (9)
	postfix_expression : postfix_expression . DEC_OP  (10)
	unary_expression : postfix_expression .  (13)

	INC_OP  shift 129
	DEC_OP  shift 130
	RBLEFT  shift 131
	BRACKETLEFT  shift 132
	LEFT_OP  reduce 13
	RIGHT_OP  reduce 13
	LE_OP  reduce 13
	GE_OP  reduce 13
	EQ_OP  reduce 13
	NE_OP  reduce 13
	AND_OP  reduce 13
	OR_OP  reduce 13
	SEMICOLON  reduce 13
	BRACERIGHT  reduce 13
	COMMA  reduce 13
	COLON  reduce 13
	EQUAL  reduce 13
	RBRIGHT  reduce 13
	BRACKETRIGHT  reduce 13
	AMP  reduce 13
	MINUS  reduce 13
	PLUS  reduce 13
	STAR  reduce 13
	SLASH  reduce 13
	PERCENT  reduce 13
	LESS  reduce 13
	GREATER  reduce 13
	CARET  reduce 13
	BAR  reduce 13
	QUESTION  reduce 13


state 64
	expression : assignment_expression .  (60)

	.  reduce 60


state 65
	cast_expression : unary_expression .  (26)
	assignment_expression : unary_expression . EQUAL assignment_expression  (59)

	EQUAL  shift 133
	LEFT_OP  reduce 26
	RIGHT_OP  reduce 26
	LE_OP  reduce 26
	GE_OP  reduce 26
	EQ_OP  reduce 26
	NE_OP  reduce 26
	AND_OP  reduce 26
	OR_OP  reduce 26
	SEMICOLON  reduce 26
	BRACERIGHT  reduce 26
	COMMA  reduce 26
	COLON  reduce 26
	RBRIGHT  reduce 26
	BRACKETRIGHT  reduce 26
	AMP  reduce 26
	MINUS  reduce 26
	PLUS  reduce 26
	STAR  reduce 26
	SLASH  reduce 26
	PERCENT  reduce 26
	LESS  reduce 26
	GREATER  reduce 26
	CARET  reduce 26
	BAR  reduce 26
	QUESTION  reduce 26


state 66
	multiplicative_expression : cast_expression .  (28)

	.  reduce 28


state 67
	multiplicative_expression : multiplicative_expression . STAR cast_expression  (29)
	multiplicative_expression : multiplicative_expression . SLASH cast_expression  (30)
	multiplicative_expression : multiplicative_expression . PERCENT cast_expression  (31)
	additive_expression : multiplicative_expression .  (32)

	STAR  shift 134
	SLASH  shift 135
	PERCENT  shift 136
	LEFT_OP  reduce 32
	RIGHT_OP  reduce 32
	LE_OP  reduce 32
	GE_OP  reduce 32
	EQ_OP  reduce 32
	NE_OP  reduce 32
	AND_OP  reduce 32
	OR_OP  reduce 32
	SEMICOLON  reduce 32
	BRACERIGHT  reduce 32
	COMMA  reduce 32
	COLON  reduce 32
	RBRIGHT  reduce 32
	BRACKETRIGHT  reduce 32
	AMP  reduce 32
	MINUS  reduce 32
	PLUS  reduce 32
	LESS  reduce 32
	GREATER  reduce 32
	CARET  reduce 32
	BAR  reduce 32
	QUESTION  reduce 32


state 68
	additive_expression : additive_expression . PLUS multiplicative_expression  (33)
	additive_expression : additive_expression . MINUS multiplicative_expression  (34)
	shift_expression : additive_expression .  (35)

	MINUS  shift 137
	PLUS  shift 138
	LEFT_OP  reduce 35
	RIGHT_OP  reduce 35
	LE_OP  reduce 35
	GE_OP  reduce 35
	EQ_OP  reduce 35
	NE_OP  reduce 35
	AND_OP  reduce 35
	OR_OP  reduce 35
	SEMICOLON  reduce 35
	BRACERIGHT  reduce 35
	COMMA  reduce 35
	COLON  reduce 35
	RBRIGHT  reduce 35
	BRACKETRIGHT  reduce 35
	AMP  reduce 35
	LESS  reduce 35
	GREATER  reduce 35
	CARET  reduce 35
	BAR  reduce 35
	QUESTION  reduce 35


state 69
	shift_expression : shift_expression . LEFT_OP additive_expression  (36)
	shift_expression : shift_expression . RIGHT_OP additive_expression  (37)
	relational_expression : shift_expression .  (38)

	LEFT_OP  shift 139
	RIGHT_OP  shift 140
	LE_OP  reduce 38
	GE_OP  reduce 38
	EQ_OP  reduce 38
	NE_OP  reduce 38
	AND_OP  reduce 38
	OR_OP  reduce 38
	SEMICOLON  reduce 38
	BRACERIGHT  reduce 38
	COMMA  reduce 38
	COLON  reduce 38
	RBRIGHT  reduce 38
	BRACKETRIGHT  reduce 38
	AMP  reduce 38
	LESS  reduce 38
	GREATER  reduce 38
	CARET  reduce 38
	BAR  reduce 38
	QUESTION  reduce 38


state 70
	relational_expression : relational_expression . LESS shift_expression  (39)
	relational_expression : relational_expression . GREATER shift_expression  (40)
	relational_expression : relational_expression . LE_OP shift_expression  (41)
	relational_expression : relational_expression . GE_OP shift_expression  (42)
	equality_expression : relational_expression .  (43)

	LE_OP  shift 141
	GE_OP  shift 142
	LESS  shift 143
	GREATER  shift 144
	EQ_OP  reduce 43
	NE_OP  reduce 43
	AND_OP  reduce 43
	OR_OP  reduce 43
	SEMICOLON  reduce 43
	BRACERIGHT  reduce 43
	COMMA  reduce 43
	COLON  reduce 43
	RBRIGHT  reduce 43
	BRACKETRIGHT  reduce 43
	AMP  reduce 43
	CARET  reduce 43
	BAR  reduce 43
	QUESTION  reduce 43


state 71
	equality_expression : equality_expression . EQ_OP relational_expression  (44)
	equality_expression : equality_expression . NE_OP relational_expression  (45)
	and_expression : equality_expression .  (46)

	EQ_OP  shift 145
	NE_OP  shift 146
	AND_OP  reduce 46
	OR_OP  reduce 46
	SEMICOLON  reduce 46
	BRACERIGHT  reduce 46
	COMMA  reduce 46
	COLON  reduce 46
	RBRIGHT  reduce 46
	BRACKETRIGHT  reduce 46
	AMP  reduce 46
	CARET  reduce 46
	BAR  reduce 46
	QUESTION  reduce 46


state 72
	and_expression : and_expression . AMP equality_expression  (47)
	exclusive_or_expression : and_expression .  (48)

	AMP  shift 147
	AND_OP  reduce 48
	OR_OP  reduce 48
	SEMICOLON  reduce 48
	BRACERIGHT  reduce 48
	COMMA  reduce 48
	COLON  reduce 48
	RBRIGHT  reduce 48
	BRACKETRIGHT  reduce 48
	CARET  reduce 48
	BAR  reduce 48
	QUESTION  reduce 48


state 73
	exclusive_or_expression : exclusive_or_expression . CARET and_expression  (49)
	inclusive_or_expression : exclusive_or_expression .  (50)

	CARET  shift 148
	AND_OP  reduce 50
	OR_OP  reduce 50
	SEMICOLON  reduce 50
	BRACERIGHT  reduce 50
	COMMA  reduce 50
	COLON  reduce 50
	RBRIGHT  reduce 50
	BRACKETRIGHT  reduce 50
	BAR  reduce 50
	QUESTION  reduce 50


state 74
	inclusive_or_expression : inclusive_or_expression . BAR exclusive_or_expression  (51)
	logical_and_expression : inclusive_or_expression .  (52)

	BAR  shift 149
	AND_OP  reduce 52
	OR_OP  reduce 52
	SEMICOLON  reduce 52
	BRACERIGHT  reduce 52
	COMMA  reduce 52
	COLON  reduce 52
	RBRIGHT  reduce 52
	BRACKETRIGHT  reduce 52
	QUESTION  reduce 52


state 75
	logical_and_expression : logical_and_expression . AND_OP inclusive_or_expression  (53)
	logical_or_expression : logical_and_expression .  (54)

	AND_OP  shift 150
	OR_OP  reduce 54
	SEMICOLON  reduce 54
	BRACERIGHT  reduce 54
	COMMA  reduce 54
	COLON  reduce 54
	RBRIGHT  reduce 54
	BRACKETRIGHT  reduce 54
	QUESTION  reduce 54


state 76
	logical_or_expression : logical_or_expression . OR_OP logical_and_expression  (55)
	conditional_expression : logical_or_expression .  (56)
	conditional_expression : logical_or_expression . QUESTION expression COLON conditional_expression  (57)

	OR_OP  shift 151
	QUESTION  shift 152
	SEMICOLON  reduce 56
	BRACERIGHT  reduce 56
	COMMA  reduce 56
	COLON  reduce 56
	RBRIGHT  reduce 56
	BRACKETRIGHT  reduce 56


state 77
	assignment_expression : conditional_expression .  (58)

	.  reduce 58


state 78
	statement_list : statement .  (122)

	.  reduce 122


state 79
	statement : labeled_statement .  (109)

	.  reduce 109


state 80
	statement : compound_statement .  (110)

	.  reduce 110


state 81
	statement : expression_statement .  (111)

	.  reduce 111


state 82
	statement : selection_statement .  (112)

	.  reduce 112


state 83
	statement : iteration_statement .  (113)

	.  reduce 113


state 84
	statement : jump_statement .  (114)

	.  reduce 114


state 85
	compound_statement : BRACELEFT statement_list . BRACERIGHT  (117)
	statement_list : statement_list . statement  (123)

	IDENTIFIER  shift 40
	CONSTANT  shift 41
	STRING_LITERAL  shift 42
	SIZEOF  shift 43
	INC_OP  shift 44
	DEC_OP  shift 45
	RE  shift 46
	IM  shift 47
	MOD  shift 48
	IF  shift 49
	WHILE  shift 50
	DO  shift 51
	FOR  shift 52
	GOTO  shift 53
	BREAK  shift 54
	RETURN  shift 55
	SEMICOLON  shift 56
	BRACELEFT  shift 26
	BRACERIGHT  shift 153
	RBLEFT  shift 58
	EXCL  shift 59
	MINUS  shift 60
	.  error

	primary_expression  goto 61
	expression  goto 62
	postfix_expression  goto 63
	assignment_expression  goto 64
	unary_expression  goto 65
	cast_expression  goto 66
	multiplicative_expression  goto 67
	additive_expression  goto 68
	shift_expression  goto 69
	relational_expression  goto 70
	equality_expression  goto 71
	and_expression  goto 72
	exclusive_or_expression  goto 73
	inclusive_or_expression  goto 74
	logical_and_expression  goto 75
	logical_or_expression  goto 76
	conditional_expression  goto 77
	statement  goto 154
	labeled_statement  goto 79
	compound_statement  goto 80
	expression_statement  goto 81
	selection_statement  goto 82
	iteration_statement  goto 83
	jump_statement  goto 84


state 86
	compound_statement : BRACELEFT declaration_list . BRACERIGHT  (118)
	compound_statement : BRACELEFT declaration_list . statement_list BRACERIGHT  (119)
	declaration_list : declaration_list . declaration  (121)

	IDENTIFIER  shift 40
	CONSTANT  shift 41
	STRING_LITERAL  shift 42
	SIZEOF  shift 43
	INC_OP  shift 44
	DEC_OP  shift 45
	CHAR  shift 2
	SHORT  shift 3
	INT  shift 4
	LONG  shift 5
	FLOAT  shift 6
	DOUBLE  shift 7
	VOID  shift 8
	COMPLEX  shift 9
	BOOL  shift 10
	RE  shift 46
	IM  shift 47
	MOD  shift 48
	IF  shift 49
	WHILE  shift 50
	DO  shift 51
	FOR  shift 52
	GOTO  shift 53
	BREAK  shift 54
	RETURN  shift 55
	SEMICOLON  shift 56
	BRACELEFT  shift 26
	BRACERIGHT  shift 155
	RBLEFT  shift 58
	EXCL  shift 59
	MINUS  shift 60
	.  error

	primary_expression  goto 61
	expression  goto 62
	postfix_expression  goto 63
	assignment_expression  goto 64
	unary_expression  goto 65
	cast_expression  goto 66
	type_specifier  goto 13
	multiplicative_expression  goto 67
	additive_expression  goto 68
	shift_expression  goto 69
	relational_expression  goto 70
	equality_expression  goto 71
	and_expression  goto 72
	exclusive_or_expression  goto 73
	inclusive_or_expression  goto 74
	logical_and_expression  goto 75
	logical_or_expression  goto 76
	conditional_expression  goto 77
	declaration  goto 99
	declaration_specifiers  goto 30
	statement  goto 78
	labeled_statement  goto 79
	compound_statement  goto 80
	expression_statement  goto 81
	selection_statement  goto 82
	iteration_statement  goto 83
	jump_statement  goto 84
	statement_list  goto 156


state 87
	identifier_list : IDENTIFIER .  (92)

	.  reduce 92


state 88
	direct_declarator : direct_declarator RBLEFT RBRIGHT .  (86)

	.  reduce 86


state 89
	parameter_declaration : declaration_specifiers . direct_declarator  (89)
	parameter_declaration : declaration_specifiers . abstract_declarator  (90)
	parameter_declaration : declaration_specifiers .  (91)

	IDENTIFIER  shift 1
	RBLEFT  shift 157
	BRACKETLEFT  shift 158
	COMMA  reduce 91
	RBRIGHT  reduce 91

	direct_declarator  goto 159
	abstract_declarator  goto 160
	direct_abstract_declarator  goto 161


state 90
	direct_declarator : direct_declarator RBLEFT parameter_list . RBRIGHT  (84)
	parameter_list : parameter_list . COMMA parameter_declaration  (88)

	COMMA  shift 162
	RBRIGHT  shift 163
	.  error


state 91
	direct_declarator : direct_declarator RBLEFT identifier_list . RBRIGHT  (85)
	identifier_list : identifier_list . COMMA IDENTIFIER  (93)

	COMMA  shift 164
	RBRIGHT  shift 165
	.  error


state 92
	parameter_list : parameter_declaration .  (87)

	.  reduce 87


state 93
	primary_expression : IDENTIFIER .  (1)

	.  reduce 1


state 94
	direct_declarator : direct_declarator BRACKETLEFT BRACKETRIGHT .  (83)

	.  reduce 83


state 95
	cast_expression : unary_expression .  (26)

	.  reduce 26


state 96
	constant_expression : conditional_expression .  (62)

	.  reduce 62


state 97
	direct_declarator : direct_declarator BRACKETLEFT constant_expression . BRACKETRIGHT  (82)

	BRACKETRIGHT  shift 166
	.  error


state 98
	init_declarator : direct_declarator .  (69)
	init_declarator : direct_declarator . EQUAL initializer  (70)
	direct_declarator : direct_declarator . BRACKETLEFT constant_expression BRACKETRIGHT  (82)
	direct_declarator : direct_declarator . BRACKETLEFT BRACKETRIGHT  (83)
	direct_declarator : direct_declarator . RBLEFT parameter_list RBRIGHT  (84)
	direct_declarator : direct_declarator . RBLEFT identifier_list RBRIGHT  (85)
	direct_declarator : direct_declarator . RBLEFT RBRIGHT  (86)

	EQUAL  shift 37
	RBLEFT  shift 27
	BRACKETLEFT  shift 28
	SEMICOLON  reduce 69
	COMMA  reduce 69


state 99
	declaration_list : declaration_list declaration .  (121)

	.  reduce 121


state 100
	function_definition : direct_declarator declaration_list compound_statement .  (141)

	.  reduce 141


state 101
	init_declarator_list : init_declarator_list COMMA init_declarator .  (68)

	.  reduce 68


state 102
	initializer : BRACELEFT . initializer_list BRACERIGHT  (105)
	initializer : BRACELEFT . initializer_list COMMA BRACERIGHT  (106)

	IDENTIFIER  shift 93
	CONSTANT  shift 41
	STRING_LITERAL  shift 42
	SIZEOF  shift 43
	INC_OP  shift 44
	DEC_OP  shift 45
	RE  shift 46
	IM  shift 47
	MOD  shift 48
	BRACELEFT  shift 102
	RBLEFT  shift 58
	EXCL  shift 59
	MINUS  shift 60
	.  error

	primary_expression  goto 61
	postfix_expression  goto 63
	assignment_expression  goto 103
	unary_expression  goto 65
	cast_expression  goto 66
	multiplicative_expression  goto 67
	additive_expression  goto 68
	shift_expression  goto 69
	relational_expression  goto 70
	equality_expression  goto 71
	and_expression  goto 72
	exclusive_or_expression  goto 73
	inclusive_or_expression  goto 74
	logical_and_expression  goto 75
	logical_or_expression  goto 76
	conditional_expression  goto 77
	initializer  goto 167
	initializer_list  goto 168


state 103
	initializer : assignment_expression .  (104)

	.  reduce 104


state 104
	init_declarator : direct_declarator EQUAL initializer .  (70)

	.  reduce 70


state 105
	function_definition : declaration_specifiers direct_declarator declaration_list compound_statement .  (139)

	.  reduce 139


state 106
	labeled_statement : IDENTIFIER COLON . statement  (115)

	IDENTIFIER  shift 40
	CONSTANT  shift 41
	STRING_LITERAL  shift 42
	SIZEOF  shift 43
	INC_OP  shift 44
	DEC_OP  shift 45
	RE  shift 46
	IM  shift 47
	MOD  shift 48
	IF  shift 49
	WHILE  shift 50
	DO  shift 51
	FOR  shift 52
	GOTO  shift 53
	BREAK  shift 54
	RETURN  shift 55
	SEMICOLON  shift 56
	BRACELEFT  shift 26
	RBLEFT  shift 58
	EXCL  shift 59
	MINUS  shift 60
	.  error

	primary_expression  goto 61
	expression  goto 62
	postfix_expression  goto 63
	assignment_expression  goto 64
	unary_expression  goto 65
	cast_expression  goto 66
	multiplicative_expression  goto 67
	additive_expression  goto 68
	shift_expression  goto 69
	relational_expression  goto 70
	equality_expression  goto 71
	and_expression  goto 72
	exclusive_or_expression  goto 73
	inclusive_or_expression  goto 74
	logical_and_expression  goto 75
	logical_or_expression  goto 76
	conditional_expression  goto 77
	statement  goto 169
	labeled_statement  goto 79
	compound_statement  goto 80
	expression_statement  goto 81
	selection_statement  goto 82
	iteration_statement  goto 83
	jump_statement  goto 84


state 107
	primary_expression : RBLEFT . expression RBRIGHT  (4)
	unary_expression : SIZEOF RBLEFT . type_specifier RBRIGHT  (19)

	IDENTIFIER  shift 93
	CONSTANT  shift 41
	STRING_LITERAL  shift 42
	SIZEOF  shift 43
	INC_OP  shift 44
	DEC_OP  shift 45
	CHAR  shift 2
	SHORT  shift 3
	INT  shift 4
	LONG  shift 5
	FLOAT  shift 6
	DOUBLE  shift 7
	VOID  shift 8
	COMPLEX  shift 9
	BOOL  shift 10
	RE  shift 46
	IM  shift 47
	MOD  shift 48
	RBLEFT  shift 58
	EXCL  shift 59
	MINUS  shift 60
	.  error

	primary_expression  goto 61
	expression  goto 123
	postfix_expression  goto 63
	assignment_expression  goto 64
	unary_expression  goto 65
	cast_expression  goto 66
	type_specifier  goto 170
	multiplicative_expression  goto 67
	additive_expression  goto 68
	shift_expression  goto 69
	relational_expression  goto 70
	equality_expression  goto 71
	and_expression  goto 72
	exclusive_or_expression  goto 73
	inclusive_or_expression  goto 74
	logical_and_expression  goto 75
	logical_or_expression  goto 76
	conditional_expression  goto 77


state 108
	unary_expression : SIZEOF unary_expression .  (18)

	.  reduce 18


state 109
	primary_expression : RBLEFT . expression RBRIGHT  (4)

	IDENTIFIER  shift 93
	CONSTANT  shift 41
	STRING_LITERAL  shift 42
	SIZEOF  shift 43
	INC_OP  shift 44
	DEC_OP  shift 45
	RE  shift 46
	IM  shift 47
	MOD  shift 48
	RBLEFT  shift 58
	EXCL  shift 59
	MINUS  shift 60
	.  error

	primary_expression  goto 61
	expression  goto 123
	postfix_expression  goto 63
	assignment_expression  goto 64
	unary_expression  goto 65
	cast_expression  goto 66
	multiplicative_expression  goto 67
	additive_expression  goto 68
	shift_expression  goto 69
	relational_expression  goto 70
	equality_expression  goto 71
	and_expression  goto 72
	exclusive_or_expression  goto 73
	inclusive_or_expression  goto 74
	logical_and_expression  goto 75
	logical_or_expression  goto 76
	conditional_expression  goto 77


state 110
	unary_expression : INC_OP unary_expression .  (14)

	.  reduce 14


state 111
	unary_expression : DEC_OP unary_expression .  (15)

	.  reduce 15


state 112
	unary_expression : RE RBLEFT . CONSTANT RBRIGHT  (20)
	unary_expression : RE RBLEFT . IDENTIFIER RBRIGHT  (21)

	IDENTIFIER  shift 171
	CONSTANT  shift 172
	.  error


state 113
	unary_expression : IM RBLEFT . CONSTANT RBRIGHT  (22)
	unary_expression : IM RBLEFT . IDENTIFIER RBRIGHT  (23)

	IDENTIFIER  shift 173
	CONSTANT  shift 174
	.  error


state 114
	unary_expression : MOD RBLEFT . CONSTANT RBRIGHT  (24)
	unary_expression : MOD RBLEFT . IDENTIFIER RBRIGHT  (25)

	IDENTIFIER  shift 175
	CONSTANT  shift 176
	.  error


state 115
	selection_statement : IF RBLEFT . expression RBRIGHT statement ELSE statement  (126)

	IDENTIFIER  shift 93
	CONSTANT  shift 41
	STRING_LITERAL  shift 42
	SIZEOF  shift 43
	INC_OP  shift 44
	DEC_OP  shift 45
	RE  shift 46
	IM  shift 47
	MOD  shift 48
	RBLEFT  shift 58
	EXCL  shift 59
	MINUS  shift 60
	.  error

	primary_expression  goto 61
	expression  goto 177
	postfix_expression  goto 63
	assignment_expression  goto 64
	unary_expression  goto 65
	cast_expression  goto 66
	multiplicative_expression  goto 67
	additive_expression  goto 68
	shift_expression  goto 69
	relational_expression  goto 70
	equality_expression  goto 71
	and_expression  goto 72
	exclusive_or_expression  goto 73
	inclusive_or_expression  goto 74
	logical_and_expression  goto 75
	logical_or_expression  goto 76
	conditional_expression  goto 77


state 116
	iteration_statement : WHILE RBLEFT . expression RBRIGHT statement  (127)

	IDENTIFIER  shift 93
	CONSTANT  shift 41
	STRING_LITERAL  shift 42
	SIZEOF  shift 43
	INC_OP  shift 44
	DEC_OP  shift 45
	RE  shift 46
	IM  shift 47
	MOD  shift 48
	RBLEFT  shift 58
	EXCL  shift 59
	MINUS  shift 60
	.  error

	primary_expression  goto 61
	expression  goto 178
	postfix_expression  goto 63
	assignment_expression  goto 64
	unary_expression  goto 65
	cast_expression  goto 66
	multiplicative_expression  goto 67
	additive_expression  goto 68
	shift_expression  goto 69
	relational_expression  goto 70
	equality_expression  goto 71
	and_expression  goto 72
	exclusive_or_expression  goto 73
	inclusive_or_expression  goto 74
	logical_and_expression  goto 75
	logical_or_expression  goto 76
	conditional_expression  goto 77


state 117
	iteration_statement : DO statement . WHILE RBLEFT expression RBRIGHT SEMICOLON  (128)

	WHILE  shift 179
	.  error


state 118
	iteration_statement : FOR RBLEFT . expression_statement expression_statement expression RBRIGHT statement  (129)

	IDENTIFIER  shift 93
	CONSTANT  shift 41
	STRING_LITERAL  shift 42
	SIZEOF  shift 43
	INC_OP  shift 44
	DEC_OP  shift 45
	RE  shift 46
	IM  shift 47
	MOD  shift 48
	SEMICOLON  shift 56
	RBLEFT  shift 58
	EXCL  shift 59
	MINUS  shift 60
	.  error

	primary_expression  goto 61
	expression  goto 62
	postfix_expression  goto 63
	assignment_expression  goto 64
	unary_expression  goto 65
	cast_expression  goto 66
	multiplicative_expression  goto 67
	additive_expression  goto 68
	shift_expression  goto 69
	relational_expression  goto 70
	equality_expression  goto 71
	and_expression  goto 72
	exclusive_or_expression  goto 73
	inclusive_or_expression  goto 74
	logical_and_expression  goto 75
	logical_or_expression  goto 76
	conditional_expression  goto 77
	expression_statement  goto 180


state 119
	jump_statement : GOTO IDENTIFIER . SEMICOLON  (130)

	SEMICOLON  shift 181
	.  error


state 120
	jump_statement : BREAK SEMICOLON .  (131)

	.  reduce 131


state 121
	jump_statement : RETURN SEMICOLON .  (132)

	.  reduce 132


state 122
	expression : expression . COMMA assignment_expression  (61)
	jump_statement : RETURN expression . SEMICOLON  (133)

	SEMICOLON  shift 182
	COMMA  shift 128
	.  error


state 123
	primary_expression : RBLEFT expression . RBRIGHT  (4)
	expression : expression . COMMA assignment_expression  (61)

	COMMA  shift 128
	RBRIGHT  shift 183
	.  error


state 124
	cast_expression : RBLEFT type_specifier . RBRIGHT cast_expression  (27)

	RBRIGHT  shift 184
	.  error


state 125
	unary_expression : EXCL cast_expression .  (17)

	.  reduce 17


state 126
	unary_expression : MINUS cast_expression .  (16)

	.  reduce 16


state 127
	expression_statement : expression SEMICOLON .  (125)

	.  reduce 125


state 128
	expression : expression COMMA . assignment_expression  (61)

	IDENTIFIER  shift 93
	CONSTANT  shift 41
	STRING_LITERAL  shift 42
	SIZEOF  shift 43
	INC_OP  shift 44
	DEC_OP  shift 45
	RE  shift 46
	IM  shift 47
	MOD  shift 48
	RBLEFT  shift 58
	EXCL  shift 59
	MINUS  shift 60
	.  error

	primary_expression  goto 61
	postfix_expression  goto 63
	assignment_expression  goto 185
	unary_expression  goto 65
	cast_expression  goto 66
	multiplicative_expression  goto 67
	additive_expression  goto 68
	shift_expression  goto 69
	relational_expression  goto 70
	equality_expression  goto 71
	and_expression  goto 72
	exclusive_or_expression  goto 73
	inclusive_or_expression  goto 74
	logical_and_expression  goto 75
	logical_or_expression  goto 76
	conditional_expression  goto 77


state 129
	postfix_expression : postfix_expression INC_OP .  (9)

	.  reduce 9


state 130
	postfix_expression : postfix_expression DEC_OP .  (10)

	.  reduce 10


state 131
	postfix_expression : postfix_expression RBLEFT . RBRIGHT  (7)
	postfix_expression : postfix_expression RBLEFT . argument_expression_list RBRIGHT  (8)

	IDENTIFIER  shift 93
	CONSTANT  shift 41
	STRING_LITERAL  shift 42
	SIZEOF  shift 43
	INC_OP  shift 44
	DEC_OP  shift 45
	RE  shift 46
	IM  shift 47
	MOD  shift 48
	RBLEFT  shift 58
	RBRIGHT  shift 186
	EXCL  shift 59
	MINUS  shift 60
	.  error

	primary_expression  goto 61
	postfix_expression  goto 63
	argument_expression_list  goto 187
	assignment_expression  goto 188
	unary_expression  goto 65
	cast_expression  goto 66
	multiplicative_expression  goto 67
	additive_expression  goto 68
	shift_expression  goto 69
	relational_expression  goto 70
	equality_expression  goto 71
	and_expression  goto 72
	exclusive_or_expression  goto 73
	inclusive_or_expression  goto 74
	logical_and_expression  goto 75
	logical_or_expression  goto 76
	conditional_expression  goto 77


state 132
	postfix_expression : postfix_expression BRACKETLEFT . expression BRACKETRIGHT  (6)

	IDENTIFIER  shift 93
	CONSTANT  shift 41
	STRING_LITERAL  shift 42
	SIZEOF  shift 43
	INC_OP  shift 44
	DEC_OP  shift 45
	RE  shift 46
	IM  shift 47
	MOD  shift 48
	RBLEFT  shift 58
	EXCL  shift 59
	MINUS  shift 60
	.  error

	primary_expression  goto 61
	expression  goto 189
	postfix_expression  goto 63
	assignment_expression  goto 64
	unary_expression  goto 65
	cast_expression  goto 66
	multiplicative_expression  goto 67
	additive_expression  goto 68
	shift_expression  goto 69
	relational_expression  goto 70
	equality_expression  goto 71
	and_expression  goto 72
	exclusive_or_expression  goto 73
	inclusive_or_expression  goto 74
	logical_and_expression  goto 75
	logical_or_expression  goto 76
	conditional_expression  goto 77


state 133
	assignment_expression : unary_expression EQUAL . assignment_expression  (59)

	IDENTIFIER  shift 93
	CONSTANT  shift 41
	STRING_LITERAL  shift 42
	SIZEOF  shift 43
	INC_OP  shift 44
	DEC_OP  shift 45
	RE  shift 46
	IM  shift 47
	MOD  shift 48
	RBLEFT  shift 58
	EXCL  shift 59
	MINUS  shift 60
	.  error

	primary_expression  goto 61
	postfix_expression  goto 63
	assignment_expression  goto 190
	unary_expression  goto 65
	cast_expression  goto 66
	multiplicative_expression  goto 67
	additive_expression  goto 68
	shift_expression  goto 69
	relational_expression  goto 70
	equality_expression  goto 71
	and_expression  goto 72
	exclusive_or_expression  goto 73
	inclusive_or_expression  goto 74
	logical_and_expression  goto 75
	logical_or_expression  goto 76
	conditional_expression  goto 77


state 134
	multiplicative_expression : multiplicative_expression STAR . cast_expression  (29)

	IDENTIFIER  shift 93
	CONSTANT  shift 41
	STRING_LITERAL  shift 42
	SIZEOF  shift 43
	INC_OP  shift 44
	DEC_OP  shift 45
	RE  shift 46
	IM  shift 47
	MOD  shift 48
	RBLEFT  shift 58
	EXCL  shift 59
	MINUS  shift 60
	.  error

	primary_expression  goto 61
	postfix_expression  goto 63
	unary_expression  goto 95
	cast_expression  goto 191


state 135
	multiplicative_expression : multiplicative_expression SLASH . cast_expression  (30)

	IDENTIFIER  shift 93
	CONSTANT  shift 41
	STRING_LITERAL  shift 42
	SIZEOF  shift 43
	INC_OP  shift 44
	DEC_OP  shift 45
	RE  shift 46
	IM  shift 47
	MOD  shift 48
	RBLEFT  shift 58
	EXCL  shift 59
	MINUS  shift 60
	.  error

	primary_expression  goto 61
	postfix_expression  goto 63
	unary_expression  goto 95
	cast_expression  goto 192


state 136
	multiplicative_expression : multiplicative_expression PERCENT . cast_expression  (31)

	IDENTIFIER  shift 93
	CONSTANT  shift 41
	STRING_LITERAL  shift 42
	SIZEOF  shift 43
	INC_OP  shift 44
	DEC_OP  shift 45
	RE  shift 46
	IM  shift 47
	MOD  shift 48
	RBLEFT  shift 58
	EXCL  shift 59
	MINUS  shift 60
	.  error

	primary_expression  goto 61
	postfix_expression  goto 63
	unary_expression  goto 95
	cast_expression  goto 193


state 137
	additive_expression : additive_expression MINUS . multiplicative_expression  (34)

	IDENTIFIER  shift 93
	CONSTANT  shift 41
	STRING_LITERAL  shift 42
	SIZEOF  shift 43
	INC_OP  shift 44
	DEC_OP  shift 45
	RE  shift 46
	IM  shift 47
	MOD  shift 48
	RBLEFT  shift 58
	EXCL  shift 59
	MINUS  shift 60
	.  error

	primary_expression  goto 61
	postfix_expression  goto 63
	unary_expression  goto 95
	cast_expression  goto 66
	multiplicative_expression  goto 194


state 138
	additive_expression : additive_expression PLUS . multiplicative_expression  (33)

	IDENTIFIER  shift 93
	CONSTANT  shift 41
	STRING_LITERAL  shift 42
	SIZEOF  shift 43
	INC_OP  shift 44
	DEC_OP  shift 45
	RE  shift 46
	IM  shift 47
	MOD  shift 48
	RBLEFT  shift 58
	EXCL  shift 59
	MINUS  shift 60
	.  error

	primary_expression  goto 61
	postfix_expression  goto 63
	unary_expression  goto 95
	cast_expression  goto 66
	multiplicative_expression  goto 195


state 139
	shift_expression : shift_expression LEFT_OP . additive_expression  (36)

	IDENTIFIER  shift 93
	CONSTANT  shift 41
	STRING_LITERAL  shift 42
	SIZEOF  shift 43
	INC_OP  shift 44
	DEC_OP  shift 45
	RE  shift 46
	IM  shift 47
	MOD  shift 48
	RBLEFT  shift 58
	EXCL  shift 59
	MINUS  shift 60
	.  error

	primary_expression  goto 61
	postfix_expression  goto 63
	unary_expression  goto 95
	cast_expression  goto 66
	multiplicative_expression  goto 67
	additive_expression  goto 196


state 140
	shift_expression : shift_expression RIGHT_OP . additive_expression  (37)

	IDENTIFIER  shift 93
	CONSTANT  shift 41
	STRING_LITERAL  shift 42
	SIZEOF  shift 43
	INC_OP  shift 44
	DEC_OP  shift 45
	RE  shift 46
	IM  shift 47
	MOD  shift 48
	RBLEFT  shift 58
	EXCL  shift 59
	MINUS  shift 60
	.  error

	primary_expression  goto 61
	postfix_expression  goto 63
	unary_expression  goto 95
	cast_expression  goto 66
	multiplicative_expression  goto 67
	additive_expression  goto 197


state 141
	relational_expression : relational_expression LE_OP . shift_expression  (41)

	IDENTIFIER  shift 93
	CONSTANT  shift 41
	STRING_LITERAL  shift 42
	SIZEOF  shift 43
	INC_OP  shift 44
	DEC_OP  shift 45
	RE  shift 46
	IM  shift 47
	MOD  shift 48
	RBLEFT  shift 58
	EXCL  shift 59
	MINUS  shift 60
	.  error

	primary_expression  goto 61
	postfix_expression  goto 63
	unary_expression  goto 95
	cast_expression  goto 66
	multiplicative_expression  goto 67
	additive_expression  goto 68
	shift_expression  goto 198


state 142
	relational_expression : relational_expression GE_OP . shift_expression  (42)

	IDENTIFIER  shift 93
	CONSTANT  shift 41
	STRING_LITERAL  shift 42
	SIZEOF  shift 43
	INC_OP  shift 44
	DEC_OP  shift 45
	RE  shift 46
	IM  shift 47
	MOD  shift 48
	RBLEFT  shift 58
	EXCL  shift 59
	MINUS  shift 60
	.  error

	primary_expression  goto 61
	postfix_expression  goto 63
	unary_expression  goto 95
	cast_expression  goto 66
	multiplicative_expression  goto 67
	additive_expression  goto 68
	shift_expression  goto 199


state 143
	relational_expression : relational_expression LESS . shift_expression  (39)

	IDENTIFIER  shift 93
	CONSTANT  shift 41
	STRING_LITERAL  shift 42
	SIZEOF  shift 43
	INC_OP  shift 44
	DEC_OP  shift 45
	RE  shift 46
	IM  shift 47
	MOD  shift 48
	RBLEFT  shift 58
	EXCL  shift 59
	MINUS  shift 60
	.  error

	primary_expression  goto 61
	postfix_expression  goto 63
	unary_expression  goto 95
	cast_expression  goto 66
	multiplicative_expression  goto 67
	additive_expression  goto 68
	shift_expression  goto 200


state 144
	relational_expression : relational_expression GREATER . shift_expression  (40)

	IDENTIFIER  shift 93
	CONSTANT  shift 41
	STRING_LITERAL  shift 42
	SIZEOF  shift 43
	INC_OP  shift 44
	DEC_OP  shift 45
	RE  shift 46
	IM  shift 47
	MOD  shift 48
	RBLEFT  shift 58
	EXCL  shift 59
	MINUS  shift 60
	.  error

	primary_expression  goto 61
	postfix_expression  goto 63
	unary_expression  goto 95
	cast_expression  goto 66
	multiplicative_expression  goto 67
	additive_expression  goto 68
	shift_expression  goto 201


state 145
	equality_expression : equality_expression EQ_OP . relational_expression  (44)

	IDENTIFIER  shift 93
	CONSTANT  shift 41
	STRING_LITERAL  shift 42
	SIZEOF  shift 43
	INC_OP  shift 44
	DEC_OP  shift 45
	RE  shift 46
	IM  shift 47
	MOD  shift 48
	RBLEFT  shift 58
	EXCL  shift 59
	MINUS  shift 60
	.  error

	primary_expression  goto 61
	postfix_expression  goto 63
	unary_expression  goto 95
	cast_expression  goto 66
	multiplicative_expression  goto 67
	additive_expression  goto 68
	shift_expression  goto 69
	relational_expression  goto 202


state 146
	equality_expression : equality_expression NE_OP . relational_expression  (45)

	IDENTIFIER  shift 93
	CONSTANT  shift 41
	STRING_LITERAL  shift 42
	SIZEOF  shift 43
	INC_OP  shift 44
	DEC_OP  shift 45
	RE  shift 46
	IM  shift 47
	MOD  shift 48
	RBLEFT  shift 58
	EXCL  shift 59
	MINUS  shift 60
	.  error

	primary_expression  goto 61
	postfix_expression  goto 63
	unary_expression  goto 95
	cast_expression  goto 66
	multiplicative_expression  goto 67
	additive_expression  goto 68
	shift_expression  goto 69
	relational_expression  goto 203


state 147
	and_expression : and_expression AMP . equality_expression  (47)

	IDENTIFIER  shift 93
	CONSTANT  shift 41
	STRING_LITERAL  shift 42
	SIZEOF  shift 43
	INC_OP  shift 44
	DEC_OP  shift 45
	RE  shift 46
	IM  shift 47
	MOD  shift 48
	RBLEFT  shift 58
	EXCL  shift 59
	MINUS  shift 60
	.  error

	primary_expression  goto 61
	postfix_expression  goto 63
	unary_expression  goto 95
	cast_expression  goto 66
	multiplicative_expression  goto 67
	additive_expression  goto 68
	shift_expression  goto 69
	relational_expression  goto 70
	equality_expression  goto 204


state 148
	exclusive_or_expression : exclusive_or_expression CARET . and_expression  (49)

	IDENTIFIER  shift 93
	CONSTANT  shift 41
	STRING_LITERAL  shift 42
	SIZEOF  shift 43
	INC_OP  shift 44
	DEC_OP  shift 45
	RE  shift 46
	IM  shift 47
	MOD  shift 48
	RBLEFT  shift 58
	EXCL  shift 59
	MINUS  shift 60
	.  error

	primary_expression  goto 61
	postfix_expression  goto 63
	unary_expression  goto 95
	cast_expression  goto 66
	multiplicative_expression  goto 67
	additive_expression  goto 68
	shift_expression  goto 69
	relational_expression  goto 70
	equality_expression  goto 71
	and_expression  goto 205


state 149
	inclusive_or_expression : inclusive_or_expression BAR . exclusive_or_expression  (51)

	IDENTIFIER  shift 93
	CONSTANT  shift 41
	STRING_LITERAL  shift 42
	SIZEOF  shift 43
	INC_OP  shift 44
	DEC_OP  shift 45
	RE  shift 46
	IM  shift 47
	MOD  shift 48
	RBLEFT  shift 58
	EXCL  shift 59
	MINUS  shift 60
	.  error

	primary_expression  goto 61
	postfix_expression  goto 63
	unary_expression  goto 95
	cast_expression  goto 66
	multiplicative_expression  goto 67
	additive_expression  goto 68
	shift_expression  goto 69
	relational_expression  goto 70
	equality_expression  goto 71
	and_expression  goto 72
	exclusive_or_expression  goto 206


state 150
	logical_and_expression : logical_and_expression AND_OP . inclusive_or_expression  (53)

	IDENTIFIER  shift 93
	CONSTANT  shift 41
	STRING_LITERAL  shift 42
	SIZEOF  shift 43
	INC_OP  shift 44
	DEC_OP  shift 45
	RE  shift 46
	IM  shift 47
	MOD  shift 48
	RBLEFT  shift 58
	EXCL  shift 59
	MINUS  shift 60
	.  error

	primary_expression  goto 61
	postfix_expression  goto 63
	unary_expression  goto 95
	cast_expression  goto 66
	multiplicative_expression  goto 67
	additive_expression  goto 68
	shift_expression  goto 69
	relational_expression  goto 70
	equality_expression  goto 71
	and_expression  goto 72
	exclusive_or_expression  goto 73
	inclusive_or_expression  goto 207


state 151
	logical_or_expression : logical_or_expression OR_OP . logical_and_expression  (55)

	IDENTIFIER  shift 93
	CONSTANT  shift 41
	STRING_LITERAL  shift 42
	SIZEOF  shift 43
	INC_OP  shift 44
	DEC_OP  shift 45
	RE  shift 46
	IM  shift 47
	MOD  shift 48
	RBLEFT  shift 58
	EXCL  shift 59
	MINUS  shift 60
	.  error

	primary_expression  goto 61
	postfix_expression  goto 63
	unary_expression  goto 95
	cast_expression  goto 66
	multiplicative_expression  goto 67
	additive_expression  goto 68
	shift_expression  goto 69
	relational_expression  goto 70
	equality_expression  goto 71
	and_expression  goto 72
	exclusive_or_expression  goto 73
	inclusive_or_expression  goto 74
	logical_and_expression  goto 208


state 152
	conditional_expression : logical_or_expression QUESTION . expression COLON conditional_expression  (57)

	IDENTIFIER  shift 93
	CONSTANT  shift 41
	STRING_LITERAL  shift 42
	SIZEOF  shift 43
	INC_OP  shift 44
	DEC_OP  shift 45
	RE  shift 46
	IM  shift 47
	MOD  shift 48
	RBLEFT  shift 58
	EXCL  shift 59
	MINUS  shift 60
	.  error

	primary_expression  goto 61
	expression  goto 209
	postfix_expression  goto 63
	assignment_expression  goto 64
	unary_expression  goto 65
	cast_expression  goto 66
	multiplicative_expression  goto 67
	additive_expression  goto 68
	shift_expression  goto 69
	relational_expression  goto 70
	equality_expression  goto 71
	and_expression  goto 72
	exclusive_or_expression  goto 73
	inclusive_or_expression  goto 74
	logical_and_expression  goto 75
	logical_or_expression  goto 76
	conditional_expression  goto 77


state 153
	compound_statement : BRACELEFT statement_list BRACERIGHT .  (117)

	.  reduce 117


state 154
	statement_list : statement_list statement .  (123)

	.  reduce 123


state 155
	compound_statement : BRACELEFT declaration_list BRACERIGHT .  (118)

	.  reduce 118


state 156
	compound_statement : BRACELEFT declaration_list statement_list . BRACERIGHT  (119)
	statement_list : statement_list . statement  (123)

	IDENTIFIER  shift 40
	CONSTANT  shift 41
	STRING_LITERAL  shift 42
	SIZEOF  shift 43
	INC_OP  shift 44
	DEC_OP  shift 45
	RE  shift 46
	IM  shift 47
	MOD  shift 48
	IF  shift 49
	WHILE  shift 50
	DO  shift 51
	FOR  shift 52
	GOTO  shift 53
	BREAK  shift 54
	RETURN  shift 55
	SEMICOLON  shift 56
	BRACELEFT  shift 26
	BRACERIGHT  shift 210
	RBLEFT  shift 58
	EXCL  shift 59
	MINUS  shift 60
	.  error

	primary_expression  goto 61
	expression  goto 62
	postfix_expression  goto 63
	assignment_expression  goto 64
	unary_expression  goto 65
	cast_expression  goto 66
	multiplicative_expression  goto 67
	additive_expression  goto 68
	shift_expression  goto 69
	relational_expression  goto 70
	equality_expression  goto 71
	and_expression  goto 72
	exclusive_or_expression  goto 73
	inclusive_or_expression  goto 74
	logical_and_expression  goto 75
	logical_or_expression  goto 76
	conditional_expression  goto 77
	statement  goto 154
	labeled_statement  goto 79
	compound_statement  goto 80
	expression_statement  goto 81
	selection_statement  goto 82
	iteration_statement  goto 83
	jump_statement  goto 84


state 157
	direct_declarator : RBLEFT . direct_declarator RBRIGHT  (81)
	direct_abstract_declarator : RBLEFT . abstract_declarator RBRIGHT  (95)
	direct_abstract_declarator : RBLEFT . RBRIGHT  (100)
	direct_abstract_declarator : RBLEFT . parameter_list RBRIGHT  (101)

	IDENTIFIER  shift 1
	CHAR  shift 2
	SHORT  shift 3
	INT  shift 4
	LONG  shift 5
	FLOAT  shift 6
	DOUBLE  shift 7
	VOID  shift 8
	COMPLEX  shift 9
	BOOL  shift 10
	RBLEFT  shift 157
	RBRIGHT  shift 211
	BRACKETLEFT  shift 158
	.  error

	type_specifier  goto 13
	declaration_specifiers  goto 89
	direct_declarator  goto 20
	parameter_list  goto 212
	parameter_declaration  goto 92
	abstract_declarator  goto 213
	direct_abstract_declarator  goto 161


state 158
	direct_abstract_declarator : BRACKETLEFT . BRACKETRIGHT  (96)
	direct_abstract_declarator : BRACKETLEFT . constant_expression BRACKETRIGHT  (97)

	IDENTIFIER  shift 93
	CONSTANT  shift 41
	STRING_LITERAL  shift 42
	SIZEOF  shift 43
	INC_OP  shift 44
	DEC_OP  shift 45
	RE  shift 46
	IM  shift 47
	MOD  shift 48
	RBLEFT  shift 58
	BRACKETRIGHT  shift 214
	EXCL  shift 59
	MINUS  shift 60
	.  error

	primary_expression  goto 61
	postfix_expression  goto 63
	unary_expression  goto 95
	cast_expression  goto 66
	multiplicative_expression  goto 67
	additive_expression  goto 68
	shift_expression  goto 69
	relational_expression  goto 70
	equality_expression  goto 71
	and_expression  goto 72
	exclusive_or_expression  goto 73
	inclusive_or_expression  goto 74
	logical_and_expression  goto 75
	logical_or_expression  goto 76
	conditional_expression  goto 96
	constant_expression  goto 215


state 159
	direct_declarator : direct_declarator . BRACKETLEFT constant_expression BRACKETRIGHT  (82)
	direct_declarator : direct_declarator . BRACKETLEFT BRACKETRIGHT  (83)
	direct_declarator : direct_declarator . RBLEFT parameter_list RBRIGHT  (84)
	direct_declarator : direct_declarator . RBLEFT identifier_list RBRIGHT  (85)
	direct_declarator : direct_declarator . RBLEFT RBRIGHT  (86)
	parameter_declaration : declaration_specifiers direct_declarator .  (89)

	RBLEFT  shift 27
	BRACKETLEFT  shift 28
	COMMA  reduce 89
	RBRIGHT  reduce 89


state 160
	parameter_declaration : declaration_specifiers abstract_declarator .  (90)

	.  reduce 90


state 161
	abstract_declarator : direct_abstract_declarator .  (94)
	direct_abstract_declarator : direct_abstract_declarator . BRACKETLEFT BRACKETRIGHT  (98)
	direct_abstract_declarator : direct_abstract_declarator . BRACKETLEFT constant_expression BRACKETRIGHT  (99)
	direct_abstract_declarator : direct_abstract_declarator . RBLEFT RBRIGHT  (102)
	direct_abstract_declarator : direct_abstract_declarator . RBLEFT parameter_list RBRIGHT  (103)

	RBLEFT  shift 216
	BRACKETLEFT  shift 217
	COMMA  reduce 94
	RBRIGHT  reduce 94


state 162
	parameter_list : parameter_list COMMA . parameter_declaration  (88)

	CHAR  shift 2
	SHORT  shift 3
	INT  shift 4
	LONG  shift 5
	FLOAT  shift 6
	DOUBLE  shift 7
	VOID  shift 8
	COMPLEX  shift 9
	BOOL  shift 10
	.  error

	type_specifier  goto 13
	declaration_specifiers  goto 89
	parameter_declaration  goto 218


state 163
	direct_declarator : direct_declarator RBLEFT parameter_list RBRIGHT .  (84)

	.  reduce 84


state 164
	identifier_list : identifier_list COMMA . IDENTIFIER  (93)

	IDENTIFIER  shift 219
	.  error


state 165
	direct_declarator : direct_declarator RBLEFT identifier_list RBRIGHT .  (85)

	.  reduce 85


state 166
	direct_declarator : direct_declarator BRACKETLEFT constant_expression BRACKETRIGHT .  (82)

	.  reduce 82


state 167
	initializer_list : initializer .  (107)

	.  reduce 107


state 168
	initializer : BRACELEFT initializer_list . BRACERIGHT  (105)
	initializer : BRACELEFT initializer_list . COMMA BRACERIGHT  (106)
	initializer_list : initializer_list . COMMA initializer  (108)

	BRACERIGHT  shift 220
	COMMA  shift 221
	.  error


state 169
	labeled_statement : IDENTIFIER COLON statement .  (115)

	.  reduce 115


state 170
	unary_expression : SIZEOF RBLEFT type_specifier . RBRIGHT  (19)

	RBRIGHT  shift 222
	.  error


state 171
	unary_expression : RE RBLEFT IDENTIFIER . RBRIGHT  (21)

	RBRIGHT  shift 223
	.  error


state 172
	unary_expression : RE RBLEFT CONSTANT . RBRIGHT  (20)

	RBRIGHT  shift 224
	.  error


state 173
	unary_expression : IM RBLEFT IDENTIFIER . RBRIGHT  (23)

	RBRIGHT  shift 225
	.  error


state 174
	unary_expression : IM RBLEFT CONSTANT . RBRIGHT  (22)

	RBRIGHT  shift 226
	.  error


state 175
	unary_expression : MOD RBLEFT IDENTIFIER . RBRIGHT  (25)

	RBRIGHT  shift 227
	.  error


state 176
	unary_expression : MOD RBLEFT CONSTANT . RBRIGHT  (24)

	RBRIGHT  shift 228
	.  error


state 177
	expression : expression . COMMA assignment_expression  (61)
	selection_statement : IF RBLEFT expression . RBRIGHT statement ELSE statement  (126)

	COMMA  shift 128
	RBRIGHT  shift 229
	.  error


state 178
	expression : expression . COMMA assignment_expression  (61)
	iteration_statement : WHILE RBLEFT expression . RBRIGHT statement  (127)

	COMMA  shift 128
	RBRIGHT  shift 230
	.  error


state 179
	iteration_statement : DO statement WHILE . RBLEFT expression RBRIGHT SEMICOLON  (128)

	RBLEFT  shift 231
	.  error


state 180
	iteration_statement : FOR RBLEFT expression_statement . expression_statement expression RBRIGHT statement  (129)

	IDENTIFIER  shift 93
	CONSTANT  shift 41
	STRING_LITERAL  shift 42
	SIZEOF  shift 43
	INC_OP  shift 44
	DEC_OP  shift 45
	RE  shift 46
	IM  shift 47
	MOD  shift 48
	SEMICOLON  shift 56
	RBLEFT  shift 58
	EXCL  shift 59
	MINUS  shift 60
	.  error

	primary_expression  goto 61
	expression  goto 62
	postfix_expression  goto 63
	assignment_expression  goto 64
	unary_expression  goto 65
	cast_expression  goto 66
	multiplicative_expression  goto 67
	additive_expression  goto 68
	shift_expression  goto 69
	relational_expression  goto 70
	equality_expression  goto 71
	and_expression  goto 72
	exclusive_or_expression  goto 73
	inclusive_or_expression  goto 74
	logical_and_expression  goto 75
	logical_or_expression  goto 76
	conditional_expression  goto 77
	expression_statement  goto 232


state 181
	jump_statement : GOTO IDENTIFIER SEMICOLON .  (130)

	.  reduce 130


state 182
	jump_statement : RETURN expression SEMICOLON .  (133)

	.  reduce 133


state 183
	primary_expression : RBLEFT expression RBRIGHT .  (4)

	.  reduce 4


state 184
	cast_expression : RBLEFT type_specifier RBRIGHT . cast_expression  (27)

	IDENTIFIER  shift 93
	CONSTANT  shift 41
	STRING_LITERAL  shift 42
	SIZEOF  shift 43
	INC_OP  shift 44
	DEC_OP  shift 45
	RE  shift 46
	IM  shift 47
	MOD  shift 48
	RBLEFT  shift 58
	EXCL  shift 59
	MINUS  shift 60
	.  error

	primary_expression  goto 61
	postfix_expression  goto 63
	unary_expression  goto 95
	cast_expression  goto 233


state 185
	expression : expression COMMA assignment_expression .  (61)

	.  reduce 61


state 186
	postfix_expression : postfix_expression RBLEFT RBRIGHT .  (7)

	.  reduce 7


state 187
	postfix_expression : postfix_expression RBLEFT argument_expression_list . RBRIGHT  (8)
	argument_expression_list : argument_expression_list . COMMA assignment_expression  (12)

	COMMA  shift 234
	RBRIGHT  shift 235
	.  error


state 188
	argument_expression_list : assignment_expression .  (11)

	.  reduce 11


state 189
	postfix_expression : postfix_expression BRACKETLEFT expression . BRACKETRIGHT  (6)
	expression : expression . COMMA assignment_expression  (61)

	COMMA  shift 128
	BRACKETRIGHT  shift 236
	.  error


state 190
	assignment_expression : unary_expression EQUAL assignment_expression .  (59)

	.  reduce 59


state 191
	multiplicative_expression : multiplicative_expression STAR cast_expression .  (29)

	.  reduce 29


state 192
	multiplicative_expression : multiplicative_expression SLASH cast_expression .  (30)

	.  reduce 30


state 193
	multiplicative_expression : multiplicative_expression PERCENT cast_expression .  (31)

	.  reduce 31


state 194
	multiplicative_expression : multiplicative_expression . STAR cast_expression  (29)
	multiplicative_expression : multiplicative_expression . SLASH cast_expression  (30)
	multiplicative_expression : multiplicative_expression . PERCENT cast_expression  (31)
	additive_expression : additive_expression MINUS multiplicative_expression .  (34)

	STAR  shift 134
	SLASH  shift 135
	PERCENT  shift 136
	LEFT_OP  reduce 34
	RIGHT_OP  reduce 34
	LE_OP  reduce 34
	GE_OP  reduce 34
	EQ_OP  reduce 34
	NE_OP  reduce 34
	AND_OP  reduce 34
	OR_OP  reduce 34
	SEMICOLON  reduce 34
	BRACERIGHT  reduce 34
	COMMA  reduce 34
	COLON  reduce 34
	RBRIGHT  reduce 34
	BRACKETRIGHT  reduce 34
	AMP  reduce 34
	MINUS  reduce 34
	PLUS  reduce 34
	LESS  reduce 34
	GREATER  reduce 34
	CARET  reduce 34
	BAR  reduce 34
	QUESTION  reduce 34


state 195
	multiplicative_expression : multiplicative_expression . STAR cast_expression  (29)
	multiplicative_expression : multiplicative_expression . SLASH cast_expression  (30)
	multiplicative_expression : multiplicative_expression . PERCENT cast_expression  (31)
	additive_expression : additive_expression PLUS multiplicative_expression .  (33)

	STAR  shift 134
	SLASH  shift 135
	PERCENT  shift 136
	LEFT_OP  reduce 33
	RIGHT_OP  reduce 33
	LE_OP  reduce 33
	GE_OP  reduce 33
	EQ_OP  reduce 33
	NE_OP  reduce 33
	AND_OP  reduce 33
	OR_OP  reduce 33
	SEMICOLON  reduce 33
	BRACERIGHT  reduce 33
	COMMA  reduce 33
	COLON  reduce 33
	RBRIGHT  reduce 33
	BRACKETRIGHT  reduce 33
	AMP  reduce 33
	MINUS  reduce 33
	PLUS  reduce 33
	LESS  reduce 33
	GREATER  reduce 33
	CARET  reduce 33
	BAR  reduce 33
	QUESTION  reduce 33


state 196
	additive_expression : additive_expression . PLUS multiplicative_expression  (33)
	additive_expression : additive_expression . MINUS multiplicative_expression  (34)
	shift_expression : shift_expression LEFT_OP additive_expression .  (36)

	MINUS  shift 137
	PLUS  shift 138
	LEFT_OP  reduce 36
	RIGHT_OP  reduce 36
	LE_OP  reduce 36
	GE_OP  reduce 36
	EQ_OP  reduce 36
	NE_OP  reduce 36
	AND_OP  reduce 36
	OR_OP  reduce 36
	SEMICOLON  reduce 36
	BRACERIGHT  reduce 36
	COMMA  reduce 36
	COLON  reduce 36
	RBRIGHT  reduce 36
	BRACKETRIGHT  reduce 36
	AMP  reduce 36
	LESS  reduce 36
	GREATER  reduce 36
	CARET  reduce 36
	BAR  reduce 36
	QUESTION  reduce 36


state 197
	additive_expression : additive_expression . PLUS multiplicative_expression  (33)
	additive_expression : additive_expression . MINUS multiplicative_expression  (34)
	shift_expression : shift_expression RIGHT_OP additive_expression .  (37)

	MINUS  shift 137
	PLUS  shift 138
	LEFT_OP  reduce 37
	RIGHT_OP  reduce 37
	LE_OP  reduce 37
	GE_OP  reduce 37
	EQ_OP  reduce 37
	NE_OP  reduce 37
	AND_OP  reduce 37
	OR_OP  reduce 37
	SEMICOLON  reduce 37
	BRACERIGHT  reduce 37
	COMMA  reduce 37
	COLON  reduce 37
	RBRIGHT  reduce 37
	BRACKETRIGHT  reduce 37
	AMP  reduce 37
	LESS  reduce 37
	GREATER  reduce 37
	CARET  reduce 37
	BAR  reduce 37
	QUESTION  reduce 37


state 198
	shift_expression : shift_expression . LEFT_OP additive_expression  (36)
	shift_expression : shift_expression . RIGHT_OP additive_expression  (37)
	relational_expression : relational_expression LE_OP shift_expression .  (41)

	LEFT_OP  shift 139
	RIGHT_OP  shift 140
	LE_OP  reduce 41
	GE_OP  reduce 41
	EQ_OP  reduce 41
	NE_OP  reduce 41
	AND_OP  reduce 41
	OR_OP  reduce 41
	SEMICOLON  reduce 41
	BRACERIGHT  reduce 41
	COMMA  reduce 41
	COLON  reduce 41
	RBRIGHT  reduce 41
	BRACKETRIGHT  reduce 41
	AMP  reduce 41
	LESS  reduce 41
	GREATER  reduce 41
	CARET  reduce 41
	BAR  reduce 41
	QUESTION  reduce 41


state 199
	shift_expression : shift_expression . LEFT_OP additive_expression  (36)
	shift_expression : shift_expression . RIGHT_OP additive_expression  (37)
	relational_expression : relational_expression GE_OP shift_expression .  (42)

	LEFT_OP  shift 139
	RIGHT_OP  shift 140
	LE_OP  reduce 42
	GE_OP  reduce 42
	EQ_OP  reduce 42
	NE_OP  reduce 42
	AND_OP  reduce 42
	OR_OP  reduce 42
	SEMICOLON  reduce 42
	BRACERIGHT  reduce 42
	COMMA  reduce 42
	COLON  reduce 42
	RBRIGHT  reduce 42
	BRACKETRIGHT  reduce 42
	AMP  reduce 42
	LESS  reduce 42
	GREATER  reduce 42
	CARET  reduce 42
	BAR  reduce 42
	QUESTION  reduce 42


state 200
	shift_expression : shift_expression . LEFT_OP additive_expression  (36)
	shift_expression : shift_expression . RIGHT_OP additive_expression  (37)
	relational_expression : relational_expression LESS shift_expression .  (39)

	LEFT_OP  shift 139
	RIGHT_OP  shift 140
	LE_OP  reduce 39
	GE_OP  reduce 39
	EQ_OP  reduce 39
	NE_OP  reduce 39
	AND_OP  reduce 39
	OR_OP  reduce 39
	SEMICOLON  reduce 39
	BRACERIGHT  reduce 39
	COMMA  reduce 39
	COLON  reduce 39
	RBRIGHT  reduce 39
	BRACKETRIGHT  reduce 39
	AMP  reduce 39
	LESS  reduce 39
	GREATER  reduce 39
	CARET  reduce 39
	BAR  reduce 39
	QUESTION  reduce 39


state 201
	shift_expression : shift_expression . LEFT_OP additive_expression  (36)
	shift_expression : shift_expression . RIGHT_OP additive_expression  (37)
	relational_expression : relational_expression GREATER shift_expression .  (40)

	LEFT_OP  shift 139
	RIGHT_OP  shift 140
	LE_OP  reduce 40
	GE_OP  reduce 40
	EQ_OP  reduce 40
	NE_OP  reduce 40
	AND_OP  reduce 40
	OR_OP  reduce 40
	SEMICOLON  reduce 40
	BRACERIGHT  reduce 40
	COMMA  reduce 40
	COLON  reduce 40
	RBRIGHT  reduce 40
	BRACKETRIGHT  reduce 40
	AMP  reduce 40
	LESS  reduce 40
	GREATER  reduce 40
	CARET  reduce 40
	BAR  reduce 40
	QUESTION  reduce 40


state 202
	relational_expression : relational_expression . LESS shift_expression  (39)
	relational_expression : relational_expression . GREATER shift_expression  (40)
	relational_expression : relational_expression . LE_OP shift_expression  (41)
	relational_expression : relational_expression . GE_OP shift_expression  (42)
	equality_expression : equality_expression EQ_OP relational_expression .  (44)

	LE_OP  shift 141
	GE_OP  shift 142
	LESS  shift 143
	GREATER  shift 144
	EQ_OP  reduce 44
	NE_OP  reduce 44
	AND_OP  reduce 44
	OR_OP  reduce 44
	SEMICOLON  reduce 44
	BRACERIGHT  reduce 44
	COMMA  reduce 44
	COLON  reduce 44
	RBRIGHT  reduce 44
	BRACKETRIGHT  reduce 44
	AMP  reduce 44
	CARET  reduce 44
	BAR  reduce 44
	QUESTION  reduce 44


state 203
	relational_expression : relational_expression . LESS shift_expression  (39)
	relational_expression : relational_expression . GREATER shift_expression  (40)
	relational_expression : relational_expression . LE_OP shift_expression  (41)
	relational_expression : relational_expression . GE_OP shift_expression  (42)
	equality_expression : equality_expression NE_OP relational_expression .  (45)

	LE_OP  shift 141
	GE_OP  shift 142
	LESS  shift 143
	GREATER  shift 144
	EQ_OP  reduce 45
	NE_OP  reduce 45
	AND_OP  reduce 45
	OR_OP  reduce 45
	SEMICOLON  reduce 45
	BRACERIGHT  reduce 45
	COMMA  reduce 45
	COLON  reduce 45
	RBRIGHT  reduce 45
	BRACKETRIGHT  reduce 45
	AMP  reduce 45
	CARET  reduce 45
	BAR  reduce 45
	QUESTION  reduce 45


state 204
	equality_expression : equality_expression . EQ_OP relational_expression  (44)
	equality_expression : equality_expression . NE_OP relational_expression  (45)
	and_expression : and_expression AMP equality_expression .  (47)

	EQ_OP  shift 145
	NE_OP  shift 146
	AND_OP  reduce 47
	OR_OP  reduce 47
	SEMICOLON  reduce 47
	BRACERIGHT  reduce 47
	COMMA  reduce 47
	COLON  reduce 47
	RBRIGHT  reduce 47
	BRACKETRIGHT  reduce 47
	AMP  reduce 47
	CARET  reduce 47
	BAR  reduce 47
	QUESTION  reduce 47


state 205
	and_expression : and_expression . AMP equality_expression  (47)
	exclusive_or_expression : exclusive_or_expression CARET and_expression .  (49)

	AMP  shift 147
	AND_OP  reduce 49
	OR_OP  reduce 49
	SEMICOLON  reduce 49
	BRACERIGHT  reduce 49
	COMMA  reduce 49
	COLON  reduce 49
	RBRIGHT  reduce 49
	BRACKETRIGHT  reduce 49
	CARET  reduce 49
	BAR  reduce 49
	QUESTION  reduce 49


state 206
	exclusive_or_expression : exclusive_or_expression . CARET and_expression  (49)
	inclusive_or_expression : inclusive_or_expression BAR exclusive_or_expression .  (51)

	CARET  shift 148
	AND_OP  reduce 51
	OR_OP  reduce 51
	SEMICOLON  reduce 51
	BRACERIGHT  reduce 51
	COMMA  reduce 51
	COLON  reduce 51
	RBRIGHT  reduce 51
	BRACKETRIGHT  reduce 51
	BAR  reduce 51
	QUESTION  reduce 51


state 207
	inclusive_or_expression : inclusive_or_expression . BAR exclusive_or_expression  (51)
	logical_and_expression : logical_and_expression AND_OP inclusive_or_expression .  (53)

	BAR  shift 149
	AND_OP  reduce 53
	OR_OP  reduce 53
	SEMICOLON  reduce 53
	BRACERIGHT  reduce 53
	COMMA  reduce 53
	COLON  reduce 53
	RBRIGHT  reduce 53
	BRACKETRIGHT  reduce 53
	QUESTION  reduce 53


state 208
	logical_and_expression : logical_and_expression . AND_OP inclusive_or_expression  (53)
	logical_or_expression : logical_or_expression OR_OP logical_and_expression .  (55)

	AND_OP  shift 150
	OR_OP  reduce 55
	SEMICOLON  reduce 55
	BRACERIGHT  reduce 55
	COMMA  reduce 55
	COLON  reduce 55
	RBRIGHT  reduce 55
	BRACKETRIGHT  reduce 55
	QUESTION  reduce 55


state 209
	conditional_expression : logical_or_expression QUESTION expression . COLON conditional_expression  (57)
	expression : expression . COMMA assignment_expression  (61)

	COMMA  shift 128
	COLON  shift 237
	.  error


state 210
	compound_statement : BRACELEFT declaration_list statement_list BRACERIGHT .  (119)

	.  reduce 119


state 211
	direct_abstract_declarator : RBLEFT RBRIGHT .  (100)

	.  reduce 100


state 212
	parameter_list : parameter_list . COMMA parameter_declaration  (88)
	direct_abstract_declarator : RBLEFT parameter_list . RBRIGHT  (101)

	COMMA  shift 162
	RBRIGHT  shift 238
	.  error


state 213
	direct_abstract_declarator : RBLEFT abstract_declarator . RBRIGHT  (95)

	RBRIGHT  shift 239
	.  error


state 214
	direct_abstract_declarator : BRACKETLEFT BRACKETRIGHT .  (96)

	.  reduce 96


state 215
	direct_abstract_declarator : BRACKETLEFT constant_expression . BRACKETRIGHT  (97)

	BRACKETRIGHT  shift 240
	.  error


state 216
	direct_abstract_declarator : direct_abstract_declarator RBLEFT . RBRIGHT  (102)
	direct_abstract_declarator : direct_abstract_declarator RBLEFT . parameter_list RBRIGHT  (103)

	CHAR  shift 2
	SHORT  shift 3
	INT  shift 4
	LONG  shift 5
	FLOAT  shift 6
	DOUBLE  shift 7
	VOID  shift 8
	COMPLEX  shift 9
	BOOL  shift 10
	RBRIGHT  shift 241
	.  error

	type_specifier  goto 13
	declaration_specifiers  goto 89
	parameter_list  goto 242
	parameter_declaration  goto 92


state 217
	direct_abstract_declarator : direct_abstract_declarator BRACKETLEFT . BRACKETRIGHT  (98)
	direct_abstract_declarator : direct_abstract_declarator BRACKETLEFT . constant_expression BRACKETRIGHT  (99)

	IDENTIFIER  shift 93
	CONSTANT  shift 41
	STRING_LITERAL  shift 42
	SIZEOF  shift 43
	INC_OP  shift 44
	DEC_OP  shift 45
	RE  shift 46
	IM  shift 47
	MOD  shift 48
	RBLEFT  shift 58
	BRACKETRIGHT  shift 243
	EXCL  shift 59
	MINUS  shift 60
	.  error

	primary_expression  goto 61
	postfix_expression  goto 63
	unary_expression  goto 95
	cast_expression  goto 66
	multiplicative_expression  goto 67
	additive_expression  goto 68
	shift_expression  goto 69
	relational_expression  goto 70
	equality_expression  goto 71
	and_expression  goto 72
	exclusive_or_expression  goto 73
	inclusive_or_expression  goto 74
	logical_and_expression  goto 75
	logical_or_expression  goto 76
	conditional_expression  goto 96
	constant_expression  goto 244


state 218
	parameter_list : parameter_list COMMA parameter_declaration .  (88)

	.  reduce 88


state 219
	identifier_list : identifier_list COMMA IDENTIFIER .  (93)

	.  reduce 93


state 220
	initializer : BRACELEFT initializer_list BRACERIGHT .  (105)

	.  reduce 105


state 221
	initializer : BRACELEFT initializer_list COMMA . BRACERIGHT  (106)
	initializer_list : initializer_list COMMA . initializer  (108)

	IDENTIFIER  shift 93
	CONSTANT  shift 41
	STRING_LITERAL  shift 42
	SIZEOF  shift 43
	INC_OP  shift 44
	DEC_OP  shift 45
	RE  shift 46
	IM  shift 47
	MOD  shift 48
	BRACELEFT  shift 102
	BRACERIGHT  shift 245
	RBLEFT  shift 58
	EXCL  shift 59
	MINUS  shift 60
	.  error

	primary_expression  goto 61
	postfix_expression  goto 63
	assignment_expression  goto 103
	unary_expression  goto 65
	cast_expression  goto 66
	multiplicative_expression  goto 67
	additive_expression  goto 68
	shift_expression  goto 69
	relational_expression  goto 70
	equality_expression  goto 71
	and_expression  goto 72
	exclusive_or_expression  goto 73
	inclusive_or_expression  goto 74
	logical_and_expression  goto 75
	logical_or_expression  goto 76
	conditional_expression  goto 77
	initializer  goto 246


state 222
	unary_expression : SIZEOF RBLEFT type_specifier RBRIGHT .  (19)

	.  reduce 19


state 223
	unary_expression : RE RBLEFT IDENTIFIER RBRIGHT .  (21)

	.  reduce 21


state 224
	unary_expression : RE RBLEFT CONSTANT RBRIGHT .  (20)

	.  reduce 20


state 225
	unary_expression : IM RBLEFT IDENTIFIER RBRIGHT .  (23)

	.  reduce 23


state 226
	unary_expression : IM RBLEFT CONSTANT RBRIGHT .  (22)

	.  reduce 22


state 227
	unary_expression : MOD RBLEFT IDENTIFIER RBRIGHT .  (25)

	.  reduce 25


state 228
	unary_expression : MOD RBLEFT CONSTANT RBRIGHT .  (24)

	.  reduce 24


state 229
	selection_statement : IF RBLEFT expression RBRIGHT . statement ELSE statement  (126)

	IDENTIFIER  shift 40
	CONSTANT  shift 41
	STRING_LITERAL  shift 42
	SIZEOF  shift 43
	INC_OP  shift 44
	DEC_OP  shift 45
	RE  shift 46
	IM  shift 47
	MOD  shift 48
	IF  shift 49
	WHILE  shift 50
	DO  shift 51
	FOR  shift 52
	GOTO  shift 53
	BREAK  shift 54
	RETURN  shift 55
	SEMICOLON  shift 56
	BRACELEFT  shift 26
	RBLEFT  shift 58
	EXCL  shift 59
	MINUS  shift 60
	.  error

	primary_expression  goto 61
	expression  goto 62
	postfix_expression  goto 63
	assignment_expression  goto 64
	unary_expression  goto 65
	cast_expression  goto 66
	multiplicative_expression  goto 67
	additive_expression  goto 68
	shift_expression  goto 69
	relational_expression  goto 70
	equality_expression  goto 71
	and_expression  goto 72
	exclusive_or_expression  goto 73
	inclusive_or_expression  goto 74
	logical_and_expression  goto 75
	logical_or_expression  goto 76
	conditional_expression  goto 77
	statement  goto 247
	labeled_statement  goto 79
	compound_statement  goto 80
	expression_statement  goto 81
	selection_statement  goto 82
	iteration_statement  goto 83
	jump_statement  goto 84


state 230
	iteration_statement : WHILE RBLEFT expression RBRIGHT . statement  (127)

	IDENTIFIER  shift 40
	CONSTANT  shift 41
	STRING_LITERAL  shift 42
	SIZEOF  shift 43
	INC_OP  shift 44
	DEC_OP  shift 45
	RE  shift 46
	IM  shift 47
	MOD  shift 48
	IF  shift 49
	WHILE  shift 50
	DO  shift 51
	FOR  shift 52
	GOTO  shift 53
	BREAK  shift 54
	RETURN  shift 55
	SEMICOLON  shift 56
	BRACELEFT  shift 26
	RBLEFT  shift 58
	EXCL  shift 59
	MINUS  shift 60
	.  error

	primary_expression  goto 61
	expression  goto 62
	postfix_expression  goto 63
	assignment_expression  goto 64
	unary_expression  goto 65
	cast_expression  goto 66
	multiplicative_expression  goto 67
	additive_expression  goto 68
	shift_expression  goto 69
	relational_expression  goto 70
	equality_expression  goto 71
	and_expression  goto 72
	exclusive_or_expression  goto 73
	inclusive_or_expression  goto 74
	logical_and_expression  goto 75
	logical_or_expression  goto 76
	conditional_expression  goto 77
	statement  goto 248
	labeled_statement  goto 79
	compound_statement  goto 80
	expression_statement  goto 81
	selection_statement  goto 82
	iteration_statement  goto 83
	jump_statement  goto 84


state 231
	iteration_statement : DO statement WHILE RBLEFT . expression RBRIGHT SEMICOLON  (128)

	IDENTIFIER  shift 93
	CONSTANT  shift 41
	STRING_LITERAL  shift 42
	SIZEOF  shift 43
	INC_OP  shift 44
	DEC_OP  shift 45
	RE  shift 46
	IM  shift 47
	MOD  shift 48
	RBLEFT  shift 58
	EXCL  shift 59
	MINUS  shift 60
	.  error

	primary_expression  goto 61
	expression  goto 249
	postfix_expression  goto 63
	assignment_expression  goto 64
	unary_expression  goto 65
	cast_expression  goto 66
	multiplicative_expression  goto 67
	additive_expression  goto 68
	shift_expression  goto 69
	relational_expression  goto 70
	equality_expression  goto 71
	and_expression  goto 72
	exclusive_or_expression  goto 73
	inclusive_or_expression  goto 74
	logical_and_expression  goto 75
	logical_or_expression  goto 76
	conditional_expression  goto 77


state 232
	iteration_statement : FOR RBLEFT expression_statement expression_statement . expression RBRIGHT statement  (129)

	IDENTIFIER  shift 93
	CONSTANT  shift 41
	STRING_LITERAL  shift 42
	SIZEOF  shift 43
	INC_OP  shift 44
	DEC_OP  shift 45
	RE  shift 46
	IM  shift 47
	MOD  shift 48
	RBLEFT  shift 58
	EXCL  shift 59
	MINUS  shift 60
	.  error

	primary_expression  goto 61
	expression  goto 250
	postfix_expression  goto 63
	assignment_expression  goto 64
	unary_expression  goto 65
	cast_expression  goto 66
	multiplicative_expression  goto 67
	additive_expression  goto 68
	shift_expression  goto 69
	relational_expression  goto 70
	equality_expression  goto 71
	and_expression  goto 72
	exclusive_or_expression  goto 73
	inclusive_or_expression  goto 74
	logical_and_expression  goto 75
	logical_or_expression  goto 76
	conditional_expression  goto 77


state 233
	cast_expression : RBLEFT type_specifier RBRIGHT cast_expression .  (27)

	.  reduce 27


state 234
	argument_expression_list : argument_expression_list COMMA . assignment_expression  (12)

	IDENTIFIER  shift 93
	CONSTANT  shift 41
	STRING_LITERAL  shift 42
	SIZEOF  shift 43
	INC_OP  shift 44
	DEC_OP  shift 45
	RE  shift 46
	IM  shift 47
	MOD  shift 48
	RBLEFT  shift 58
	EXCL  shift 59
	MINUS  shift 60
	.  error

	primary_expression  goto 61
	postfix_expression  goto 63
	assignment_expression  goto 251
	unary_expression  goto 65
	cast_expression  goto 66
	multiplicative_expression  goto 67
	additive_expression  goto 68
	shift_expression  goto 69
	relational_expression  goto 70
	equality_expression  goto 71
	and_expression  goto 72
	exclusive_or_expression  goto 73
	inclusive_or_expression  goto 74
	logical_and_expression  goto 75
	logical_or_expression  goto 76
	conditional_expression  goto 77


state 235
	postfix_expression : postfix_expression RBLEFT argument_expression_list RBRIGHT .  (8)

	.  reduce 8


state 236
	postfix_expression : postfix_expression BRACKETLEFT expression BRACKETRIGHT .  (6)

	.  reduce 6


state 237
	conditional_expression : logical_or_expression QUESTION expression COLON . conditional_expression  (57)

	IDENTIFIER  shift 93
	CONSTANT  shift 41
	STRING_LITERAL  shift 42
	SIZEOF  shift 43
	INC_OP  shift 44
	DEC_OP  shift 45
	RE  shift 46
	IM  shift 47
	MOD  shift 48
	RBLEFT  shift 58
	EXCL  shift 59
	MINUS  shift 60
	.  error

	primary_expression  goto 61
	postfix_expression  goto 63
	unary_expression  goto 95
	cast_expression  goto 66
	multiplicative_expression  goto 67
	additive_expression  goto 68
	shift_expression  goto 69
	relational_expression  goto 70
	equality_expression  goto 71
	and_expression  goto 72
	exclusive_or_expression  goto 73
	inclusive_or_expression  goto 74
	logical_and_expression  goto 75
	logical_or_expression  goto 76
	conditional_expression  goto 252


state 238
	direct_abstract_declarator : RBLEFT parameter_list RBRIGHT .  (101)

	.  reduce 101


state 239
	direct_abstract_declarator : RBLEFT abstract_declarator RBRIGHT .  (95)

	.  reduce 95


state 240
	direct_abstract_declarator : BRACKETLEFT constant_expression BRACKETRIGHT .  (97)

	.  reduce 97


state 241
	direct_abstract_declarator : direct_abstract_declarator RBLEFT RBRIGHT .  (102)

	.  reduce 102


state 242
	parameter_list : parameter_list . COMMA parameter_declaration  (88)
	direct_abstract_declarator : direct_abstract_declarator RBLEFT parameter_list . RBRIGHT  (103)

	COMMA  shift 162
	RBRIGHT  shift 253
	.  error


state 243
	direct_abstract_declarator : direct_abstract_declarator BRACKETLEFT BRACKETRIGHT .  (98)

	.  reduce 98


state 244
	direct_abstract_declarator : direct_abstract_declarator BRACKETLEFT constant_expression . BRACKETRIGHT  (99)

	BRACKETRIGHT  shift 254
	.  error


state 245
	initializer : BRACELEFT initializer_list COMMA BRACERIGHT .  (106)

	.  reduce 106


state 246
	initializer_list : initializer_list COMMA initializer .  (108)

	.  reduce 108


state 247
	selection_statement : IF RBLEFT expression RBRIGHT statement . ELSE statement  (126)

	ELSE  shift 255
	.  error


state 248
	iteration_statement : WHILE RBLEFT expression RBRIGHT statement .  (127)

	.  reduce 127


state 249
	expression : expression . COMMA assignment_expression  (61)
	iteration_statement : DO statement WHILE RBLEFT expression . RBRIGHT SEMICOLON  (128)

	COMMA  shift 128
	RBRIGHT  shift 256
	.  error


state 250
	expression : expression . COMMA assignment_expression  (61)
	iteration_statement : FOR RBLEFT expression_statement expression_statement expression . RBRIGHT statement  (129)

	COMMA  shift 128
	RBRIGHT  shift 257
	.  error


state 251
	argument_expression_list : argument_expression_list COMMA assignment_expression .  (12)

	.  reduce 12


state 252
	conditional_expression : logical_or_expression QUESTION expression COLON conditional_expression .  (57)

	.  reduce 57


state 253
	direct_abstract_declarator : direct_abstract_declarator RBLEFT parameter_list RBRIGHT .  (103)

	.  reduce 103


state 254
	direct_abstract_declarator : direct_abstract_declarator BRACKETLEFT constant_expression BRACKETRIGHT .  (99)

	.  reduce 99


state 255
	selection_statement : IF RBLEFT expression RBRIGHT statement ELSE . statement  (126)

	IDENTIFIER  shift 40
	CONSTANT  shift 41
	STRING_LITERAL  shift 42
	SIZEOF  shift 43
	INC_OP  shift 44
	DEC_OP  shift 45
	RE  shift 46
	IM  shift 47
	MOD  shift 48
	IF  shift 49
	WHILE  shift 50
	DO  shift 51
	FOR  shift 52
	GOTO  shift 53
	BREAK  shift 54
	RETURN  shift 55
	SEMICOLON  shift 56
	BRACELEFT  shift 26
	RBLEFT  shift 58
	EXCL  shift 59
	MINUS  shift 60
	.  error

	primary_expression  goto 61
	expression  goto 62
	postfix_expression  goto 63
	assignment_expression  goto 64
	unary_expression  goto 65
	cast_expression  goto 66
	multiplicative_expression  goto 67
	additive_expression  goto 68
	shift_expression  goto 69
	relational_expression  goto 70
	equality_expression  goto 71
	and_expression  goto 72
	exclusive_or_expression  goto 73
	inclusive_or_expression  goto 74
	logical_and_expression  goto 75
	logical_or_expression  goto 76
	conditional_expression  goto 77
	statement  goto 258
	labeled_statement  goto 79
	compound_statement  goto 80
	expression_statement  goto 81
	selection_statement  goto 82
	iteration_statement  goto 83
	jump_statement  goto 84


state 256
	iteration_statement : DO statement WHILE RBLEFT expression RBRIGHT . SEMICOLON  (128)

	SEMICOLON  shift 259
	.  error


state 257
	iteration_statement : FOR RBLEFT expression_statement expression_statement expression RBRIGHT . statement  (129)

	IDENTIFIER  shift 40
	CONSTANT  shift 41
	STRING_LITERAL  shift 42
	SIZEOF  shift 43
	INC_OP  shift 44
	DEC_OP  shift 45
	RE  shift 46
	IM  shift 47
	MOD  shift 48
	IF  shift 49
	WHILE  shift 50
	DO  shift 51
	FOR  shift 52
	GOTO  shift 53
	BREAK  shift 54
	RETURN  shift 55
	SEMICOLON  shift 56
	BRACELEFT  shift 26
	RBLEFT  shift 58
	EXCL  shift 59
	MINUS  shift 60
	.  error

	primary_expression  goto 61
	expression  goto 62
	postfix_expression  goto 63
	assignment_expression  goto 64
	unary_expression  goto 65
	cast_expression  goto 66
	multiplicative_expression  goto 67
	additive_expression  goto 68
	shift_expression  goto 69
	relational_expression  goto 70
	equality_expression  goto 71
	and_expression  goto 72
	exclusive_or_expression  goto 73
	inclusive_or_expression  goto 74
	logical_and_expression  goto 75
	logical_or_expression  goto 76
	conditional_expression  goto 77
	statement  goto 260
	labeled_statement  goto 79
	compound_statement  goto 80
	expression_statement  goto 81
	selection_statement  goto 82
	iteration_statement  goto 83
	jump_statement  goto 84


state 258
	selection_statement : IF RBLEFT expression RBRIGHT statement ELSE statement .  (126)

	.  reduce 126


state 259
	iteration_statement : DO statement WHILE RBLEFT expression RBRIGHT SEMICOLON .  (128)

	.  reduce 128


state 260
	iteration_statement : FOR RBLEFT expression_statement expression_statement expression RBRIGHT statement .  (129)

	.  reduce 129


60 terminals, 46 nonterminals
143 grammar rules, 261 states
